<?xml version="1.0" encoding="UTF-8"?>
<testsuite xmlns:xsi="http://www.w3.org/2001/XMLSchema-instance" xsi:noNamespaceSchemaLocation="https://maven.apache.org/surefire/maven-surefire-plugin/xsd/surefire-test-report-3.0.xsd" version="3.0" name="com.clinic.appointment.SuspensionMigrationTest" time="1.447" tests="3" errors="0" skipped="0" failures="0">
  <properties>
[...]
</properties>
  <testcase name="suspendWithMigration" classname="com.clinic.appointment.SuspensionMigrationTest" time="0.047">
    <system-out><![CDATA[2026-06-09T17:04:58.327+08:00  INFO 30284 --- [           main] t.c.s.AnnotationConfigContextLoaderUtils : Could not detect default configuration classes for test class [com.clinic.appointment.SuspensionMigrationTest]: SuspensionMigrationTest does not declare any static, non-private, non-final, nested classes annotated with @Configuration.
2026-06-09T17:04:58.339+08:00  INFO 30284 --- [           main] .b.t.c.SpringBootTestContextBootstrapper : Found @SpringBootConfiguration com.clinic.appointment.ClinicApplication for test class com.clinic.appointment.SuspensionMigrationTest

  .   ____          _            __ _ _
 /\\ / ___'_ __ _ _(_)_ __  __ _ \ \ \ \
( ( )\___ | '_ | '_| | '_ \/ _` | \ \ \ \
 \\/  ___)| |_)| | | | | || (_| |  ) ) ) )
  '  |____| .__|_| |_|_| |_\__, | / / / /
 =========|_|==============|___/=/_/_/_/
 :: Spring Boot ::                (v3.2.5)

2026-06-09T17:04:58.383+08:00  INFO 30284 --- [           main] c.c.appointment.SuspensionMigrationTest  : Starting SuspensionMigrationTest using Java 17.0.19 with PID 30284 (started by 13292 in C:\Users\13292\Desktop\claudel1\reposNew\task11)
2026-06-09T17:04:58.383+08:00 DEBUG 30284 --- [           main] c.c.appointment.SuspensionMigrationTest  : Running with Spring Boot v3.2.5, Spring v6.1.6
2026-06-09T17:04:58.383+08:00  INFO 30284 --- [           main] c.c.appointment.SuspensionMigrationTest  : The following 1 profile is active: "test"
Logging initialized using 'class org.apache.ibatis.logging.stdout.StdOutImpl' adapter.
 _ _   |_  _ _|_. ___ _ |    _ 
| | |\/|_)(_| | |_\  |_)||_|_\ 
     /               |         
                        3.5.6 
2026-06-09T17:04:58.907+08:00  INFO 30284 --- [           main] com.zaxxer.hikari.HikariDataSource       : HikariPool-7 - Starting...
2026-06-09T17:04:58.908+08:00  INFO 30284 --- [           main] com.zaxxer.hikari.pool.HikariPool        : HikariPool-7 - Added connection conn42: url=jdbc:h2:mem:clinic_test user=SA
2026-06-09T17:04:58.908+08:00  INFO 30284 --- [           main] com.zaxxer.hikari.HikariDataSource       : HikariPool-7 - Start completed.
2026-06-09T17:04:59.609+08:00  INFO 30284 --- [           main] o.s.b.a.e.web.EndpointLinksResolver      : Exposing 1 endpoint(s) beneath base path '/actuator'
2026-06-09T17:04:59.650+08:00  INFO 30284 --- [           main] c.c.appointment.SuspensionMigrationTest  : Started SuspensionMigrationTest in 1.308 seconds (process running for 36.706)
Creating a new SqlSession
SqlSession [org.apache.ibatis.session.defaults.DefaultSqlSession@222674b5] was not registered for synchronization because synchronization is not active
JDBC Connection [HikariProxyConnection@621682759 wrapping conn42: url=jdbc:h2:mem:clinic_test user=SA] will not be managed by Spring
==>  Preparing: DELETE FROM appointment
==> Parameters: 
<==    Updates: 1
Closing non transactional SqlSession [org.apache.ibatis.session.defaults.DefaultSqlSession@222674b5]
Creating a new SqlSession
SqlSession [org.apache.ibatis.session.defaults.DefaultSqlSession@6c6a8692] was not registered for synchronization because synchronization is not active
JDBC Connection [HikariProxyConnection@740500414 wrapping conn42: url=jdbc:h2:mem:clinic_test user=SA] will not be managed by Spring
==>  Preparing: DELETE FROM schedule_slot
==> Parameters: 
<==    Updates: 2
Closing non transactional SqlSession [org.apache.ibatis.session.defaults.DefaultSqlSession@6c6a8692]
Creating a new SqlSession
SqlSession [org.apache.ibatis.session.defaults.DefaultSqlSession@3db17953] was not registered for synchronization because synchronization is not active
JDBC Connection [HikariProxyConnection@1768516282 wrapping conn42: url=jdbc:h2:mem:clinic_test user=SA] will not be managed by Spring
==>  Preparing: DELETE FROM doctor_schedule
==> Parameters: 
<==    Updates: 1
Closing non transactional SqlSession [org.apache.ibatis.session.defaults.DefaultSqlSession@3db17953]
Creating a new SqlSession
SqlSession [org.apache.ibatis.session.defaults.DefaultSqlSession@510f3f13] was not registered for synchronization because synchronization is not active
JDBC Connection [HikariProxyConnection@1678035039 wrapping conn42: url=jdbc:h2:mem:clinic_test user=SA] will not be managed by Spring
==>  Preparing: DELETE FROM doctor
==> Parameters: 
<==    Updates: 1
Closing non transactional SqlSession [org.apache.ibatis.session.defaults.DefaultSqlSession@510f3f13]
Creating a new SqlSession
SqlSession [org.apache.ibatis.session.defaults.DefaultSqlSession@52c94e6d] was not registered for synchronization because synchronization is not active
JDBC Connection [HikariProxyConnection@1884799540 wrapping conn42: url=jdbc:h2:mem:clinic_test user=SA] will not be managed by Spring
==>  Preparing: DELETE FROM department
==> Parameters: 
<==    Updates: 1
Closing non transactional SqlSession [org.apache.ibatis.session.defaults.DefaultSqlSession@52c94e6d]
Creating a new SqlSession
SqlSession [org.apache.ibatis.session.defaults.DefaultSqlSession@58088c8a] was not registered for synchronization because synchronization is not active
JDBC Connection [HikariProxyConnection@445444580 wrapping conn42: url=jdbc:h2:mem:clinic_test user=SA] will not be managed by Spring
==>  Preparing: INSERT INTO department ( name, code, status, create_time, update_time ) VALUES ( ?, ?, ?, ?, ? )
==> Parameters: 骨科(String), GUKE(String), 1(Integer), 2026-06-09T17:04:59.663008800(LocalDateTime), 2026-06-09T17:04:59.663008800(LocalDateTime)
<==    Updates: 1
Closing non transactional SqlSession [org.apache.ibatis.session.defaults.DefaultSqlSession@58088c8a]
Creating a new SqlSession
SqlSession [org.apache.ibatis.session.defaults.DefaultSqlSession@22e7efe] was not registered for synchronization because synchronization is not active
JDBC Connection [HikariProxyConnection@1277577965 wrapping conn42: url=jdbc:h2:mem:clinic_test user=SA] will not be managed by Spring
==>  Preparing: INSERT INTO doctor ( name, employee_no, department_id, status, create_time, update_time ) VALUES ( ?, ?, ?, ?, ?, ? )
==> Parameters: 李医生(String), D010(String), 25(Long), 1(Integer), 2026-06-09T17:04:59.665003900(LocalDateTime), 2026-06-09T17:04:59.665003900(LocalDateTime)
<==    Updates: 1
Closing non transactional SqlSession [org.apache.ibatis.session.defaults.DefaultSqlSession@22e7efe]
Creating a new SqlSession
SqlSession [org.apache.ibatis.session.defaults.DefaultSqlSession@5056e33f] was not registered for synchronization because synchronization is not active
JDBC Connection [HikariProxyConnection@765995776 wrapping conn42: url=jdbc:h2:mem:clinic_test user=SA] will not be managed by Spring
==>  Preparing: INSERT INTO doctor ( name, employee_no, department_id, status, create_time, update_time ) VALUES ( ?, ?, ?, ?, ?, ? )
==> Parameters: 王医生(String), D011(String), 25(Long), 1(Integer), 2026-06-09T17:04:59.666001100(LocalDateTime), 2026-06-09T17:04:59.666001100(LocalDateTime)
<==    Updates: 1
Closing non transactional SqlSession [org.apache.ibatis.session.defaults.DefaultSqlSession@5056e33f]
Creating a new SqlSession
SqlSession [org.apache.ibatis.session.defaults.DefaultSqlSession@5c8079c5] was not registered for synchronization because synchronization is not active
JDBC Connection [HikariProxyConnection@571421082 wrapping conn42: url=jdbc:h2:mem:clinic_test user=SA] will not be managed by Spring
==>  Preparing: INSERT INTO doctor_schedule ( doctor_id, department_id, schedule_date, time_period, total_slots, booked_slots, extra_slots, status, create_time, update_time ) VALUES ( ?, ?, ?, ?, ?, ?, ?, ?, ?, ? )
==> Parameters: 26(Long), 25(Long), 2026-06-12(LocalDate), MORNING(String), 5(Integer), 0(Integer), 0(Integer), NORMAL(String), 2026-06-09T17:04:59.666001100(LocalDateTime), 2026-06-09T17:04:59.666001100(LocalDateTime)
<==    Updates: 1
Closing non transactional SqlSession [org.apache.ibatis.session.defaults.DefaultSqlSession@5c8079c5]
Creating a new SqlSession
SqlSession [org.apache.ibatis.session.defaults.DefaultSqlSession@452761ff] was not registered for synchronization because synchronization is not active
JDBC Connection [HikariProxyConnection@700166768 wrapping conn42: url=jdbc:h2:mem:clinic_test user=SA] will not be managed by Spring
==>  Preparing: INSERT INTO schedule_slot ( schedule_id, doctor_id, department_id, slot_date, slot_time, slot_no, status, is_extra, version, create_time, update_time ) VALUES ( ?, ?, ?, ?, ?, ?, ?, ?, ?, ?, ? )
==> Parameters: 26(Long), 26(Long), 25(Long), 2026-06-12(LocalDate), 08:40(LocalTime), 1(Integer), AVAILABLE(String), 0(Integer), 0(Integer), 2026-06-09T17:04:59.666001100(LocalDateTime), 2026-06-09T17:04:59.666998800(LocalDateTime)
<==    Updates: 1
Closing non transactional SqlSession [org.apache.ibatis.session.defaults.DefaultSqlSession@452761ff]
Creating a new SqlSession
SqlSession [org.apache.ibatis.session.defaults.DefaultSqlSession@762aa8d3] was not registered for synchronization because synchronization is not active
JDBC Connection [HikariProxyConnection@770888813 wrapping conn42: url=jdbc:h2:mem:clinic_test user=SA] will not be managed by Spring
==>  Preparing: INSERT INTO schedule_slot ( schedule_id, doctor_id, department_id, slot_date, slot_time, slot_no, status, is_extra, version, create_time, update_time ) VALUES ( ?, ?, ?, ?, ?, ?, ?, ?, ?, ?, ? )
==> Parameters: 26(Long), 26(Long), 25(Long), 2026-06-12(LocalDate), 08:50(LocalTime), 2(Integer), AVAILABLE(String), 0(Integer), 0(Integer), 2026-06-09T17:04:59.666998800(LocalDateTime), 2026-06-09T17:04:59.666998800(LocalDateTime)
<==    Updates: 1
Closing non transactional SqlSession [org.apache.ibatis.session.defaults.DefaultSqlSession@762aa8d3]
Creating a new SqlSession
SqlSession [org.apache.ibatis.session.defaults.DefaultSqlSession@53a470b5] was not registered for synchronization because synchronization is not active
JDBC Connection [HikariProxyConnection@662204547 wrapping conn42: url=jdbc:h2:mem:clinic_test user=SA] will not be managed by Spring
==>  Preparing: INSERT INTO schedule_slot ( schedule_id, doctor_id, department_id, slot_date, slot_time, slot_no, status, is_extra, version, create_time, update_time ) VALUES ( ?, ?, ?, ?, ?, ?, ?, ?, ?, ?, ? )
==> Parameters: 26(Long), 26(Long), 25(Long), 2026-06-12(LocalDate), 09:00(LocalTime), 3(Integer), AVAILABLE(String), 0(Integer), 0(Integer), 2026-06-09T17:04:59.666998800(LocalDateTime), 2026-06-09T17:04:59.666998800(LocalDateTime)
<==    Updates: 1
Closing non transactional SqlSession [org.apache.ibatis.session.defaults.DefaultSqlSession@53a470b5]
Creating a new SqlSession
SqlSession [org.apache.ibatis.session.defaults.DefaultSqlSession@4b7288f] was not registered for synchronization because synchronization is not active
JDBC Connection [HikariProxyConnection@1071502792 wrapping conn42: url=jdbc:h2:mem:clinic_test user=SA] will not be managed by Spring
==>  Preparing: INSERT INTO schedule_slot ( schedule_id, doctor_id, department_id, slot_date, slot_time, slot_no, status, is_extra, version, create_time, update_time ) VALUES ( ?, ?, ?, ?, ?, ?, ?, ?, ?, ?, ? )
==> Parameters: 26(Long), 26(Long), 25(Long), 2026-06-12(LocalDate), 09:10(LocalTime), 4(Integer), AVAILABLE(String), 0(Integer), 0(Integer), 2026-06-09T17:04:59.666998800(LocalDateTime), 2026-06-09T17:04:59.666998800(LocalDateTime)
<==    Updates: 1
Closing non transactional SqlSession [org.apache.ibatis.session.defaults.DefaultSqlSession@4b7288f]
Creating a new SqlSession
SqlSession [org.apache.ibatis.session.defaults.DefaultSqlSession@4f0c3b5e] was not registered for synchronization because synchronization is not active
JDBC Connection [HikariProxyConnection@722773588 wrapping conn42: url=jdbc:h2:mem:clinic_test user=SA] will not be managed by Spring
==>  Preparing: INSERT INTO schedule_slot ( schedule_id, doctor_id, department_id, slot_date, slot_time, slot_no, status, is_extra, version, create_time, update_time ) VALUES ( ?, ?, ?, ?, ?, ?, ?, ?, ?, ?, ? )
==> Parameters: 26(Long), 26(Long), 25(Long), 2026-06-12(LocalDate), 09:20(LocalTime), 5(Integer), AVAILABLE(String), 0(Integer), 0(Integer), 2026-06-09T17:04:59.667996200(LocalDateTime), 2026-06-09T17:04:59.667996200(LocalDateTime)
<==    Updates: 1
Closing non transactional SqlSession [org.apache.ibatis.session.defaults.DefaultSqlSession@4f0c3b5e]
Creating a new SqlSession
SqlSession [org.apache.ibatis.session.defaults.DefaultSqlSession@16da10e9] was not registered for synchronization because synchronization is not active
JDBC Connection [HikariProxyConnection@1207493743 wrapping conn42: url=jdbc:h2:mem:clinic_test user=SA] will not be managed by Spring
==>  Preparing: INSERT INTO doctor_schedule ( doctor_id, department_id, schedule_date, time_period, total_slots, booked_slots, extra_slots, status, create_time, update_time ) VALUES ( ?, ?, ?, ?, ?, ?, ?, ?, ?, ? )
==> Parameters: 27(Long), 25(Long), 2026-06-12(LocalDate), MORNING(String), 5(Integer), 0(Integer), 0(Integer), NORMAL(String), 2026-06-09T17:04:59.667996200(LocalDateTime), 2026-06-09T17:04:59.667996200(LocalDateTime)
<==    Updates: 1
Closing non transactional SqlSession [org.apache.ibatis.session.defaults.DefaultSqlSession@16da10e9]
Creating a new SqlSession
SqlSession [org.apache.ibatis.session.defaults.DefaultSqlSession@6900e105] was not registered for synchronization because synchronization is not active
JDBC Connection [HikariProxyConnection@1730731127 wrapping conn42: url=jdbc:h2:mem:clinic_test user=SA] will not be managed by Spring
==>  Preparing: INSERT INTO schedule_slot ( schedule_id, doctor_id, department_id, slot_date, slot_time, slot_no, status, is_extra, version, create_time, update_time ) VALUES ( ?, ?, ?, ?, ?, ?, ?, ?, ?, ?, ? )
==> Parameters: 27(Long), 27(Long), 25(Long), 2026-06-12(LocalDate), 08:40(LocalTime), 1(Integer), AVAILABLE(String), 0(Integer), 0(Integer), 2026-06-09T17:04:59.668994(LocalDateTime), 2026-06-09T17:04:59.668994(LocalDateTime)
<==    Updates: 1
Closing non transactional SqlSession [org.apache.ibatis.session.defaults.DefaultSqlSession@6900e105]
Creating a new SqlSession
SqlSession [org.apache.ibatis.session.defaults.DefaultSqlSession@2133c523] was not registered for synchronization because synchronization is not active
JDBC Connection [HikariProxyConnection@568891126 wrapping conn42: url=jdbc:h2:mem:clinic_test user=SA] will not be managed by Spring
==>  Preparing: INSERT INTO schedule_slot ( schedule_id, doctor_id, department_id, slot_date, slot_time, slot_no, status, is_extra, version, create_time, update_time ) VALUES ( ?, ?, ?, ?, ?, ?, ?, ?, ?, ?, ? )
==> Parameters: 27(Long), 27(Long), 25(Long), 2026-06-12(LocalDate), 08:50(LocalTime), 2(Integer), AVAILABLE(String), 0(Integer), 0(Integer), 2026-06-09T17:04:59.668994(LocalDateTime), 2026-06-09T17:04:59.668994(LocalDateTime)
<==    Updates: 1
Closing non transactional SqlSession [org.apache.ibatis.session.defaults.DefaultSqlSession@2133c523]
Creating a new SqlSession
SqlSession [org.apache.ibatis.session.defaults.DefaultSqlSession@4f0e4307] was not registered for synchronization because synchronization is not active
JDBC Connection [HikariProxyConnection@1852106229 wrapping conn42: url=jdbc:h2:mem:clinic_test user=SA] will not be managed by Spring
==>  Preparing: INSERT INTO schedule_slot ( schedule_id, doctor_id, department_id, slot_date, slot_time, slot_no, status, is_extra, version, create_time, update_time ) VALUES ( ?, ?, ?, ?, ?, ?, ?, ?, ?, ?, ? )
==> Parameters: 27(Long), 27(Long), 25(Long), 2026-06-12(LocalDate), 09:00(LocalTime), 3(Integer), AVAILABLE(String), 0(Integer), 0(Integer), 2026-06-09T17:04:59.668994(LocalDateTime), 2026-06-09T17:04:59.668994(LocalDateTime)
<==    Updates: 1
Closing non transactional SqlSession [org.apache.ibatis.session.defaults.DefaultSqlSession@4f0e4307]
Creating a new SqlSession
SqlSession [org.apache.ibatis.session.defaults.DefaultSqlSession@51413fc7] was not registered for synchronization because synchronization is not active
JDBC Connection [HikariProxyConnection@888888383 wrapping conn42: url=jdbc:h2:mem:clinic_test user=SA] will not be managed by Spring
==>  Preparing: INSERT INTO schedule_slot ( schedule_id, doctor_id, department_id, slot_date, slot_time, slot_no, status, is_extra, version, create_time, update_time ) VALUES ( ?, ?, ?, ?, ?, ?, ?, ?, ?, ?, ? )
==> Parameters: 27(Long), 27(Long), 25(Long), 2026-06-12(LocalDate), 09:10(LocalTime), 4(Integer), AVAILABLE(String), 0(Integer), 0(Integer), 2026-06-09T17:04:59.669990600(LocalDateTime), 2026-06-09T17:04:59.669990600(LocalDateTime)
<==    Updates: 1
Closing non transactional SqlSession [org.apache.ibatis.session.defaults.DefaultSqlSession@51413fc7]
Creating a new SqlSession
SqlSession [org.apache.ibatis.session.defaults.DefaultSqlSession@9d037dc] was not registered for synchronization because synchronization is not active
JDBC Connection [HikariProxyConnection@1079128158 wrapping conn42: url=jdbc:h2:mem:clinic_test user=SA] will not be managed by Spring
==>  Preparing: INSERT INTO schedule_slot ( schedule_id, doctor_id, department_id, slot_date, slot_time, slot_no, status, is_extra, version, create_time, update_time ) VALUES ( ?, ?, ?, ?, ?, ?, ?, ?, ?, ?, ? )
==> Parameters: 27(Long), 27(Long), 25(Long), 2026-06-12(LocalDate), 09:20(LocalTime), 5(Integer), AVAILABLE(String), 0(Integer), 0(Integer), 2026-06-09T17:04:59.669990600(LocalDateTime), 2026-06-09T17:04:59.669990600(LocalDateTime)
<==    Updates: 1
Closing non transactional SqlSession [org.apache.ibatis.session.defaults.DefaultSqlSession@9d037dc]
Creating a new SqlSession
SqlSession [org.apache.ibatis.session.defaults.DefaultSqlSession@18359094] was not registered for synchronization because synchronization is not active
JDBC Connection [HikariProxyConnection@1992371465 wrapping conn42: url=jdbc:h2:mem:clinic_test user=SA] will not be managed by Spring
==>  Preparing: SELECT * FROM schedule_slot WHERE doctor_id = ? AND slot_date = ? AND status = 'AVAILABLE' ORDER BY slot_time
==> Parameters: 26(Long), 2026-06-12(LocalDate)
<==    Columns: id, schedule_id, doctor_id, department_id, slot_date, slot_time, slot_no, status, appointment_id, is_extra, version, create_time, update_time
<==        Row: 83, 26, 26, 25, 2026-06-12, 08:40:00, 1, AVAILABLE, null, 0, 0, 2026-06-09 17:04:59.666001, 2026-06-09 17:04:59.666999
<==        Row: 84, 26, 26, 25, 2026-06-12, 08:50:00, 2, AVAILABLE, null, 0, 0, 2026-06-09 17:04:59.666999, 2026-06-09 17:04:59.666999
<==        Row: 85, 26, 26, 25, 2026-06-12, 09:00:00, 3, AVAILABLE, null, 0, 0, 2026-06-09 17:04:59.666999, 2026-06-09 17:04:59.666999
<==        Row: 86, 26, 26, 25, 2026-06-12, 09:10:00, 4, AVAILABLE, null, 0, 0, 2026-06-09 17:04:59.666999, 2026-06-09 17:04:59.666999
<==        Row: 87, 26, 26, 25, 2026-06-12, 09:20:00, 5, AVAILABLE, null, 0, 0, 2026-06-09 17:04:59.667996, 2026-06-09 17:04:59.667996
<==      Total: 5
Closing non transactional SqlSession [org.apache.ibatis.session.defaults.DefaultSqlSession@18359094]
Creating a new SqlSession
Registering transaction synchronization for SqlSession [org.apache.ibatis.session.defaults.DefaultSqlSession@26c6e9d6]
JDBC Connection [HikariProxyConnection@1048168928 wrapping conn42: url=jdbc:h2:mem:clinic_test user=SA] will be managed by Spring
==>  Preparing: SELECT id,schedule_id,doctor_id,department_id,slot_date,slot_time,slot_no,status,appointment_id,is_extra,version,create_time,update_time FROM schedule_slot WHERE id=?
==> Parameters: 83(Long)
<==    Columns: id, schedule_id, doctor_id, department_id, slot_date, slot_time, slot_no, status, appointment_id, is_extra, version, create_time, update_time
<==        Row: 83, 26, 26, 25, 2026-06-12, 08:40:00, 1, AVAILABLE, null, 0, 0, 2026-06-09 17:04:59.666001, 2026-06-09 17:04:59.666999
<==      Total: 1
Releasing transactional SqlSession [org.apache.ibatis.session.defaults.DefaultSqlSession@26c6e9d6]
Fetched SqlSession [org.apache.ibatis.session.defaults.DefaultSqlSession@26c6e9d6] from current transaction
Releasing transactional SqlSession [org.apache.ibatis.session.defaults.DefaultSqlSession@26c6e9d6]
Fetched SqlSession [org.apache.ibatis.session.defaults.DefaultSqlSession@26c6e9d6] from current transaction
==>  Preparing: INSERT INTO appointment ( appointment_no, patient_id, patient_name, doctor_id, department_id, slot_id, slot_date, slot_time, status, source, booking_type, create_time, update_time ) VALUES ( ?, ?, ?, ?, ?, ?, ?, ?, ?, ?, ?, ?, ? )
==> Parameters: APT20260609170459525D1B(String), 3000(Long), 患者3000(String), 26(Long), 25(Long), 83(Long), 2026-06-12(LocalDate), 08:40(LocalTime), CONFIRMED(String), ONLINE(String), SINGLE(String), 2026-06-09T17:04:59.672982700(LocalDateTime), 2026-06-09T17:04:59.672982700(LocalDateTime)
<==    Updates: 1
Releasing transactional SqlSession [org.apache.ibatis.session.defaults.DefaultSqlSession@26c6e9d6]
Fetched SqlSession [org.apache.ibatis.session.defaults.DefaultSqlSession@26c6e9d6] from current transaction
==>  Preparing: UPDATE schedule_slot SET status = 'BOOKED', appointment_id = ?, version = version + 1, update_time = NOW() WHERE id = ? AND status = 'AVAILABLE' AND version = ?
==> Parameters: 80(Long), 83(Long), 0(Integer)
<==    Updates: 1
Releasing transactional SqlSession [org.apache.ibatis.session.defaults.DefaultSqlSession@26c6e9d6]
Fetched SqlSession [org.apache.ibatis.session.defaults.DefaultSqlSession@26c6e9d6] from current transaction
==>  Preparing: SELECT id,doctor_id,department_id,schedule_date,time_period,total_slots,booked_slots,extra_slots,status,create_time,update_time FROM doctor_schedule WHERE id=?
==> Parameters: 26(Long)
<==    Columns: id, doctor_id, department_id, schedule_date, time_period, total_slots, booked_slots, extra_slots, status, create_time, update_time
<==        Row: 26, 26, 25, 2026-06-12, MORNING, 5, 0, 0, NORMAL, 2026-06-09 17:04:59.666001, 2026-06-09 17:04:59.666001
<==      Total: 1
Releasing transactional SqlSession [org.apache.ibatis.session.defaults.DefaultSqlSession@26c6e9d6]
Fetched SqlSession [org.apache.ibatis.session.defaults.DefaultSqlSession@26c6e9d6] from current transaction
==>  Preparing: UPDATE doctor_schedule SET doctor_id=?, department_id=?, schedule_date=?, time_period=?, total_slots=?, booked_slots=?, extra_slots=?, status=?, create_time=?, update_time=? WHERE id=?
==> Parameters: 26(Long), 25(Long), 2026-06-12(LocalDate), MORNING(String), 5(Integer), 1(Integer), 0(Integer), NORMAL(String), 2026-06-09T17:04:59.666001(LocalDateTime), 2026-06-09T17:04:59.666001(LocalDateTime), 26(Long)
<==    Updates: 1
Releasing transactional SqlSession [org.apache.ibatis.session.defaults.DefaultSqlSession@26c6e9d6]
2026-06-09T17:04:59.675+08:00  INFO 30284 --- [           main] c.c.a.s.impl.AppointmentServiceImpl      : 预约成功: no=APT20260609170459525D1B, patient=3000, doctor=26, date=2026-06-12, time=08:40, type=SINGLE
Transaction synchronization committing SqlSession [org.apache.ibatis.session.defaults.DefaultSqlSession@26c6e9d6]
Transaction synchronization deregistering SqlSession [org.apache.ibatis.session.defaults.DefaultSqlSession@26c6e9d6]
Transaction synchronization closing SqlSession [org.apache.ibatis.session.defaults.DefaultSqlSession@26c6e9d6]
Creating a new SqlSession
Registering transaction synchronization for SqlSession [org.apache.ibatis.session.defaults.DefaultSqlSession@61772cb7]
JDBC Connection [HikariProxyConnection@1748443598 wrapping conn42: url=jdbc:h2:mem:clinic_test user=SA] will be managed by Spring
==>  Preparing: SELECT id,schedule_id,doctor_id,department_id,slot_date,slot_time,slot_no,status,appointment_id,is_extra,version,create_time,update_time FROM schedule_slot WHERE id=?
==> Parameters: 84(Long)
<==    Columns: id, schedule_id, doctor_id, department_id, slot_date, slot_time, slot_no, status, appointment_id, is_extra, version, create_time, update_time
<==        Row: 84, 26, 26, 25, 2026-06-12, 08:50:00, 2, AVAILABLE, null, 0, 0, 2026-06-09 17:04:59.666999, 2026-06-09 17:04:59.666999
<==      Total: 1
Releasing transactional SqlSession [org.apache.ibatis.session.defaults.DefaultSqlSession@61772cb7]
Fetched SqlSession [org.apache.ibatis.session.defaults.DefaultSqlSession@61772cb7] from current transaction
Releasing transactional SqlSession [org.apache.ibatis.session.defaults.DefaultSqlSession@61772cb7]
Fetched SqlSession [org.apache.ibatis.session.defaults.DefaultSqlSession@61772cb7] from current transaction
==>  Preparing: INSERT INTO appointment ( appointment_no, patient_id, patient_name, doctor_id, department_id, slot_id, slot_date, slot_time, status, source, booking_type, create_time, update_time ) VALUES ( ?, ?, ?, ?, ?, ?, ?, ?, ?, ?, ?, ?, ? )
==> Parameters: APT20260609170459297DCB(String), 3001(Long), 患者3001(String), 26(Long), 25(Long), 84(Long), 2026-06-12(LocalDate), 08:50(LocalTime), CONFIRMED(String), ONLINE(String), SINGLE(String), 2026-06-09T17:04:59.677968900(LocalDateTime), 2026-06-09T17:04:59.677968900(LocalDateTime)
<==    Updates: 1
Releasing transactional SqlSession [org.apache.ibatis.session.defaults.DefaultSqlSession@61772cb7]
Fetched SqlSession [org.apache.ibatis.session.defaults.DefaultSqlSession@61772cb7] from current transaction
==>  Preparing: UPDATE schedule_slot SET status = 'BOOKED', appointment_id = ?, version = version + 1, update_time = NOW() WHERE id = ? AND status = 'AVAILABLE' AND version = ?
==> Parameters: 81(Long), 84(Long), 0(Integer)
<==    Updates: 1
Releasing transactional SqlSession [org.apache.ibatis.session.defaults.DefaultSqlSession@61772cb7]
Fetched SqlSession [org.apache.ibatis.session.defaults.DefaultSqlSession@61772cb7] from current transaction
==>  Preparing: SELECT id,doctor_id,department_id,schedule_date,time_period,total_slots,booked_slots,extra_slots,status,create_time,update_time FROM doctor_schedule WHERE id=?
==> Parameters: 26(Long)
<==    Columns: id, doctor_id, department_id, schedule_date, time_period, total_slots, booked_slots, extra_slots, status, create_time, update_time
<==        Row: 26, 26, 25, 2026-06-12, MORNING, 5, 1, 0, NORMAL, 2026-06-09 17:04:59.666001, 2026-06-09 17:04:59.666001
<==      Total: 1
Releasing transactional SqlSession [org.apache.ibatis.session.defaults.DefaultSqlSession@61772cb7]
Creating a new SqlSession
Fetched SqlSession [org.apache.ibatis.session.defaults.DefaultSqlSession@61772cb7] from current transaction
SqlSession [org.apache.ibatis.session.defaults.DefaultSqlSession@26e54ec8] was not registered for synchronization because synchronization is not active
==>  Preparing: UPDATE doctor_schedule SET doctor_id=?, department_id=?, schedule_date=?, time_period=?, total_slots=?, booked_slots=?, extra_slots=?, status=?, create_time=?, update_time=? WHERE id=?
JDBC Connection [HikariProxyConnection@673358948 wrapping conn43: url=jdbc:h2:mem:clinic_test user=SA] will not be managed by Spring
==> Parameters: 26(Long), 25(Long), 2026-06-12(LocalDate), MORNING(String), 5(Integer), 2(Integer), 0(Integer), NORMAL(String), 2026-06-09T17:04:59.666001(LocalDateTime), 2026-06-09T17:04:59.666001(LocalDateTime), 26(Long)
==>  Preparing: INSERT INTO audit_log ( operation, entity_type, entity_id, operator_name, detail, ip, create_time ) VALUES ( ?, ?, ?, ?, ?, ?, ? )
<==    Updates: 1
Releasing transactional SqlSession [org.apache.ibatis.session.defaults.DefaultSqlSession@61772cb7]
==> Parameters: BOOK(String), APPOINTMENT(String), 80(Long), (String), {"patientId":3000,"slotId":83,"date":"2026-06-12","time":"08:40","bookingType":"SINGLE","examType":"null"}(String), (String), 2026-06-09T17:04:59.678966700(LocalDateTime)
<==    Updates: 1
Closing non transactional SqlSession [org.apache.ibatis.session.defaults.DefaultSqlSession@26e54ec8]
2026-06-09T17:04:59.679+08:00  INFO 30284 --- [           main] c.c.a.s.impl.AppointmentServiceImpl      : 预约成功: no=APT20260609170459297DCB, patient=3001, doctor=26, date=2026-06-12, time=08:50, type=SINGLE
Transaction synchronization committing SqlSession [org.apache.ibatis.session.defaults.DefaultSqlSession@61772cb7]
Transaction synchronization deregistering SqlSession [org.apache.ibatis.session.defaults.DefaultSqlSession@61772cb7]
Transaction synchronization closing SqlSession [org.apache.ibatis.session.defaults.DefaultSqlSession@61772cb7]
Creating a new SqlSession
SqlSession [org.apache.ibatis.session.defaults.DefaultSqlSession@2e7ea1ee] was not registered for synchronization because synchronization is not active
Creating a new SqlSession
Registering transaction synchronization for SqlSession [org.apache.ibatis.session.defaults.DefaultSqlSession@5341eab4]
JDBC Connection [HikariProxyConnection@1229288189 wrapping conn42: url=jdbc:h2:mem:clinic_test user=SA] will be managed by Spring
==>  Preparing: SELECT id,schedule_id,doctor_id,department_id,slot_date,slot_time,slot_no,status,appointment_id,is_extra,version,create_time,update_time FROM schedule_slot WHERE id=?
JDBC Connection [HikariProxyConnection@549018193 wrapping conn43: url=jdbc:h2:mem:clinic_test user=SA] will not be managed by Spring
==> Parameters: 85(Long)
==>  Preparing: INSERT INTO audit_log ( operation, entity_type, entity_id, operator_name, detail, ip, create_time ) VALUES ( ?, ?, ?, ?, ?, ?, ? )
==> Parameters: BOOK(String), APPOINTMENT(String), 81(Long), (String), {"patientId":3001,"slotId":84,"date":"2026-06-12","time":"08:50","bookingType":"SINGLE","examType":"null"}(String), (String), 2026-06-09T17:04:59.679964200(LocalDateTime)
<==    Columns: id, schedule_id, doctor_id, department_id, slot_date, slot_time, slot_no, status, appointment_id, is_extra, version, create_time, update_time
<==        Row: 85, 26, 26, 25, 2026-06-12, 09:00:00, 3, AVAILABLE, null, 0, 0, 2026-06-09 17:04:59.666999, 2026-06-09 17:04:59.666999
<==      Total: 1
Releasing transactional SqlSession [org.apache.ibatis.session.defaults.DefaultSqlSession@5341eab4]
<==    Updates: 1
Fetched SqlSession [org.apache.ibatis.session.defaults.DefaultSqlSession@5341eab4] from current transaction
Closing non transactional SqlSession [org.apache.ibatis.session.defaults.DefaultSqlSession@2e7ea1ee]
Releasing transactional SqlSession [org.apache.ibatis.session.defaults.DefaultSqlSession@5341eab4]
Fetched SqlSession [org.apache.ibatis.session.defaults.DefaultSqlSession@5341eab4] from current transaction
==>  Preparing: INSERT INTO appointment ( appointment_no, patient_id, patient_name, doctor_id, department_id, slot_id, slot_date, slot_time, status, source, booking_type, create_time, update_time ) VALUES ( ?, ?, ?, ?, ?, ?, ?, ?, ?, ?, ?, ?, ? )
==> Parameters: APT20260609170459E17016(String), 3002(Long), 患者3002(String), 26(Long), 25(Long), 85(Long), 2026-06-12(LocalDate), 09:00(LocalTime), CONFIRMED(String), ONLINE(String), SINGLE(String), 2026-06-09T17:04:59.680961500(LocalDateTime), 2026-06-09T17:04:59.680961500(LocalDateTime)
<==    Updates: 1
Releasing transactional SqlSession [org.apache.ibatis.session.defaults.DefaultSqlSession@5341eab4]
Fetched SqlSession [org.apache.ibatis.session.defaults.DefaultSqlSession@5341eab4] from current transaction
==>  Preparing: UPDATE schedule_slot SET status = 'BOOKED', appointment_id = ?, version = version + 1, update_time = NOW() WHERE id = ? AND status = 'AVAILABLE' AND version = ?
==> Parameters: 82(Long), 85(Long), 0(Integer)
<==    Updates: 1
Releasing transactional SqlSession [org.apache.ibatis.session.defaults.DefaultSqlSession@5341eab4]
Fetched SqlSession [org.apache.ibatis.session.defaults.DefaultSqlSession@5341eab4] from current transaction
==>  Preparing: SELECT id,doctor_id,department_id,schedule_date,time_period,total_slots,booked_slots,extra_slots,status,create_time,update_time FROM doctor_schedule WHERE id=?
==> Parameters: 26(Long)
<==    Columns: id, doctor_id, department_id, schedule_date, time_period, total_slots, booked_slots, extra_slots, status, create_time, update_time
<==        Row: 26, 26, 25, 2026-06-12, MORNING, 5, 2, 0, NORMAL, 2026-06-09 17:04:59.666001, 2026-06-09 17:04:59.666001
<==      Total: 1
Releasing transactional SqlSession [org.apache.ibatis.session.defaults.DefaultSqlSession@5341eab4]
Fetched SqlSession [org.apache.ibatis.session.defaults.DefaultSqlSession@5341eab4] from current transaction
==>  Preparing: UPDATE doctor_schedule SET doctor_id=?, department_id=?, schedule_date=?, time_period=?, total_slots=?, booked_slots=?, extra_slots=?, status=?, create_time=?, update_time=? WHERE id=?
==> Parameters: 26(Long), 25(Long), 2026-06-12(LocalDate), MORNING(String), 5(Integer), 3(Integer), 0(Integer), NORMAL(String), 2026-06-09T17:04:59.666001(LocalDateTime), 2026-06-09T17:04:59.666001(LocalDateTime), 26(Long)
<==    Updates: 1
Releasing transactional SqlSession [org.apache.ibatis.session.defaults.DefaultSqlSession@5341eab4]
2026-06-09T17:04:59.681+08:00  INFO 30284 --- [           main] c.c.a.s.impl.AppointmentServiceImpl      : 预约成功: no=APT20260609170459E17016, patient=3002, doctor=26, date=2026-06-12, time=09:00, type=SINGLE
Transaction synchronization committing SqlSession [org.apache.ibatis.session.defaults.DefaultSqlSession@5341eab4]
Transaction synchronization deregistering SqlSession [org.apache.ibatis.session.defaults.DefaultSqlSession@5341eab4]
Transaction synchronization closing SqlSession [org.apache.ibatis.session.defaults.DefaultSqlSession@5341eab4]
Creating a new SqlSession
SqlSession [org.apache.ibatis.session.defaults.DefaultSqlSession@14ceddcf] was not registered for synchronization because synchronization is not active
JDBC Connection [HikariProxyConnection@436810022 wrapping conn42: url=jdbc:h2:mem:clinic_test user=SA] will not be managed by Spring
==>  Preparing: INSERT INTO audit_log ( operation, entity_type, entity_id, operator_name, detail, ip, create_time ) VALUES ( ?, ?, ?, ?, ?, ?, ? )
==> Parameters: BOOK(String), APPOINTMENT(String), 82(Long), (String), {"patientId":3002,"slotId":85,"date":"2026-06-12","time":"09:00","bookingType":"SINGLE","examType":"null"}(String), (String), 2026-06-09T17:04:59.681958800(LocalDateTime)
<==    Updates: 1
Closing non transactional SqlSession [org.apache.ibatis.session.defaults.DefaultSqlSession@14ceddcf]
Creating a new SqlSession
Registering transaction synchronization for SqlSession [org.apache.ibatis.session.defaults.DefaultSqlSession@45399fae]
JDBC Connection [HikariProxyConnection@1461657245 wrapping conn43: url=jdbc:h2:mem:clinic_test user=SA] will be managed by Spring
==>  Preparing: SELECT id,name,employee_no,department_id,title,status,create_time,update_time FROM doctor WHERE id=?
==> Parameters: 26(Long)
<==    Columns: id, name, employee_no, department_id, title, status, create_time, update_time
<==        Row: 26, 李医生, D010, 25, , 1, 2026-06-09 17:04:59.665004, 2026-06-09 17:04:59.665004
<==      Total: 1
Releasing transactional SqlSession [org.apache.ibatis.session.defaults.DefaultSqlSession@45399fae]
Fetched SqlSession [org.apache.ibatis.session.defaults.DefaultSqlSession@45399fae] from current transaction
==>  Preparing: INSERT INTO doctor_suspension ( doctor_id, start_date, end_date, reason, migrate_type, status, create_time, update_time ) VALUES ( ?, ?, ?, ?, ?, ?, ?, ? )
==> Parameters: 26(Long), 2026-06-12(LocalDate), 2026-06-12(LocalDate), 医生A外出进修(String), MIGRATE(String), PROCESSING(String), 2026-06-09T17:04:59.682956300(LocalDateTime), 2026-06-09T17:04:59.682956300(LocalDateTime)
<==    Updates: 1
Releasing transactional SqlSession [org.apache.ibatis.session.defaults.DefaultSqlSession@45399fae]
Fetched SqlSession [org.apache.ibatis.session.defaults.DefaultSqlSession@45399fae] from current transaction
==>  Preparing: UPDATE schedule_slot SET status = 'SUSPENDED', update_time = NOW(), version = version + 1 WHERE doctor_id = ? AND slot_date BETWEEN ? AND ? AND status IN ('AVAILABLE','BOOKED')
==> Parameters: 26(Long), 2026-06-12(LocalDate), 2026-06-12(LocalDate)
<==    Updates: 5
Releasing transactional SqlSession [org.apache.ibatis.session.defaults.DefaultSqlSession@45399fae]
2026-06-09T17:04:59.684+08:00  INFO 30284 --- [           main] c.c.a.s.i.DoctorSuspensionServiceImpl    : 停诊-号源批量SUSPENDED: doctor=26, range=2026-06-12~2026-06-12, count=5
Fetched SqlSession [org.apache.ibatis.session.defaults.DefaultSqlSession@45399fae] from current transaction
==>  Preparing: SELECT * FROM appointment WHERE doctor_id = ? AND slot_date >= ? AND status IN ('PENDING','CONFIRMED')
==> Parameters: 26(Long), 2026-06-12(LocalDate)
<==    Columns: id, appointment_no, patient_id, patient_name, doctor_id, department_id, slot_id, slot_date, slot_time, status, source, booking_type, exam_type_code, original_id, cancel_reason, create_time, update_time
<==        Row: 80, APT20260609170459525D1B, 3000, 患者3000, 26, 25, 83, 2026-06-12, 08:40:00, CONFIRMED, ONLINE, SINGLE, null, null, , 2026-06-09 17:04:59.672983, 2026-06-09 17:04:59.672983
<==        Row: 81, APT20260609170459297DCB, 3001, 患者3001, 26, 25, 84, 2026-06-12, 08:50:00, CONFIRMED, ONLINE, SINGLE, null, null, , 2026-06-09 17:04:59.677969, 2026-06-09 17:04:59.677969
<==        Row: 82, APT20260609170459E17016, 3002, 患者3002, 26, 25, 85, 2026-06-12, 09:00:00, CONFIRMED, ONLINE, SINGLE, null, null, , 2026-06-09 17:04:59.680962, 2026-06-09 17:04:59.680962
<==      Total: 3
Releasing transactional SqlSession [org.apache.ibatis.session.defaults.DefaultSqlSession@45399fae]
2026-06-09T17:04:59.686+08:00  INFO 30284 --- [           main] c.c.a.s.i.DoctorSuspensionServiceImpl    : 停诊处理: doctor=26, range=2026-06-12~2026-06-12, affected=3
Fetched SqlSession [org.apache.ibatis.session.defaults.DefaultSqlSession@45399fae] from current transaction
==>  Preparing: SELECT * FROM doctor WHERE department_id = ? AND status = 1
==> Parameters: 25(Long)
<==    Columns: id, name, employee_no, department_id, title, status, create_time, update_time
<==        Row: 26, 李医生, D010, 25, , 1, 2026-06-09 17:04:59.665004, 2026-06-09 17:04:59.665004
<==        Row: 27, 王医生, D011, 25, , 1, 2026-06-09 17:04:59.666001, 2026-06-09 17:04:59.666001
<==      Total: 2
Releasing transactional SqlSession [org.apache.ibatis.session.defaults.DefaultSqlSession@45399fae]
Fetched SqlSession [org.apache.ibatis.session.defaults.DefaultSqlSession@45399fae] from current transaction
==>  Preparing: SELECT * FROM schedule_slot WHERE doctor_id = ? AND slot_date = ? AND status = 'AVAILABLE' ORDER BY slot_time
==> Parameters: 27(Long), 2026-06-12(LocalDate)
<==    Columns: id, schedule_id, doctor_id, department_id, slot_date, slot_time, slot_no, status, appointment_id, is_extra, version, create_time, update_time
<==        Row: 88, 27, 27, 25, 2026-06-12, 08:40:00, 1, AVAILABLE, null, 0, 0, 2026-06-09 17:04:59.668994, 2026-06-09 17:04:59.668994
<==        Row: 89, 27, 27, 25, 2026-06-12, 08:50:00, 2, AVAILABLE, null, 0, 0, 2026-06-09 17:04:59.668994, 2026-06-09 17:04:59.668994
<==        Row: 90, 27, 27, 25, 2026-06-12, 09:00:00, 3, AVAILABLE, null, 0, 0, 2026-06-09 17:04:59.668994, 2026-06-09 17:04:59.668994
<==        Row: 91, 27, 27, 25, 2026-06-12, 09:10:00, 4, AVAILABLE, null, 0, 0, 2026-06-09 17:04:59.669991, 2026-06-09 17:04:59.669991
<==        Row: 92, 27, 27, 25, 2026-06-12, 09:20:00, 5, AVAILABLE, null, 0, 0, 2026-06-09 17:04:59.669991, 2026-06-09 17:04:59.669991
<==      Total: 5
Releasing transactional SqlSession [org.apache.ibatis.session.defaults.DefaultSqlSession@45399fae]
Fetched SqlSession [org.apache.ibatis.session.defaults.DefaultSqlSession@45399fae] from current transaction
==>  Preparing: UPDATE appointment SET appointment_no=?, patient_id=?, patient_name=?, doctor_id=?, department_id=?, slot_id=?, slot_date=?, slot_time=?, status=?, source=?, booking_type=?, cancel_reason=?, create_time=?, update_time=? WHERE id=?
==> Parameters: APT20260609170459525D1B(String), 3000(Long), 患者3000(String), 26(Long), 25(Long), 83(Long), 2026-06-12(LocalDate), 08:40(LocalTime), RESCHEDULED(String), ONLINE(String), SINGLE(String), 停诊迁移至王医生(String), 2026-06-09T17:04:59.672983(LocalDateTime), 2026-06-09T17:04:59.672983(LocalDateTime), 80(Long)
<==    Updates: 1
Releasing transactional SqlSession [org.apache.ibatis.session.defaults.DefaultSqlSession@45399fae]
Fetched SqlSession [org.apache.ibatis.session.defaults.DefaultSqlSession@45399fae] from current transaction
==>  Preparing: INSERT INTO appointment ( appointment_no, patient_id, patient_name, doctor_id, department_id, slot_id, slot_date, slot_time, status, source, original_id, create_time, update_time ) VALUES ( ?, ?, ?, ?, ?, ?, ?, ?, ?, ?, ?, ?, ? )
==> Parameters: MIG1780995899689(String), 3000(Long), 患者3000(String), 27(Long), 25(Long), 88(Long), 2026-06-12(LocalDate), 08:40(LocalTime), CONFIRMED(String), ONLINE(String), 80(Long), 2026-06-09T17:04:59.689939300(LocalDateTime), 2026-06-09T17:04:59.689939300(LocalDateTime)
<==    Updates: 1
Releasing transactional SqlSession [org.apache.ibatis.session.defaults.DefaultSqlSession@45399fae]
Fetched SqlSession [org.apache.ibatis.session.defaults.DefaultSqlSession@45399fae] from current transaction
==>  Preparing: UPDATE schedule_slot SET status = 'BOOKED', appointment_id = ?, version = version + 1, update_time = NOW() WHERE id = ? AND status = 'AVAILABLE' AND version = ?
==> Parameters: 83(Long), 88(Long), 0(Integer)
<==    Updates: 1
Releasing transactional SqlSession [org.apache.ibatis.session.defaults.DefaultSqlSession@45399fae]
2026-06-09T17:04:59.690+08:00  INFO 30284 --- [           main] c.c.a.s.i.DoctorSuspensionServiceImpl    : 预约迁移成功: patient=3000, from=26 to=27, date=2026-06-12
Fetched SqlSession [org.apache.ibatis.session.defaults.DefaultSqlSession@45399fae] from current transaction
==>  Preparing: SELECT * FROM schedule_slot WHERE doctor_id = ? AND slot_date = ? AND status = 'AVAILABLE' ORDER BY slot_time
==> Parameters: 27(Long), 2026-06-12(LocalDate)
<==    Columns: id, schedule_id, doctor_id, department_id, slot_date, slot_time, slot_no, status, appointment_id, is_extra, version, create_time, update_time
<==        Row: 89, 27, 27, 25, 2026-06-12, 08:50:00, 2, AVAILABLE, null, 0, 0, 2026-06-09 17:04:59.668994, 2026-06-09 17:04:59.668994
<==        Row: 90, 27, 27, 25, 2026-06-12, 09:00:00, 3, AVAILABLE, null, 0, 0, 2026-06-09 17:04:59.668994, 2026-06-09 17:04:59.668994
<==        Row: 91, 27, 27, 25, 2026-06-12, 09:10:00, 4, AVAILABLE, null, 0, 0, 2026-06-09 17:04:59.669991, 2026-06-09 17:04:59.669991
<==        Row: 92, 27, 27, 25, 2026-06-12, 09:20:00, 5, AVAILABLE, null, 0, 0, 2026-06-09 17:04:59.669991, 2026-06-09 17:04:59.669991
<==      Total: 4
Releasing transactional SqlSession [org.apache.ibatis.session.defaults.DefaultSqlSession@45399fae]
Fetched SqlSession [org.apache.ibatis.session.defaults.DefaultSqlSession@45399fae] from current transaction
==>  Preparing: UPDATE appointment SET appointment_no=?, patient_id=?, patient_name=?, doctor_id=?, department_id=?, slot_id=?, slot_date=?, slot_time=?, status=?, source=?, booking_type=?, cancel_reason=?, create_time=?, update_time=? WHERE id=?
==> Parameters: APT20260609170459297DCB(String), 3001(Long), 患者3001(String), 26(Long), 25(Long), 84(Long), 2026-06-12(LocalDate), 08:50(LocalTime), RESCHEDULED(String), ONLINE(String), SINGLE(String), 停诊迁移至王医生(String), 2026-06-09T17:04:59.677969(LocalDateTime), 2026-06-09T17:04:59.677969(LocalDateTime), 81(Long)
<==    Updates: 1
Releasing transactional SqlSession [org.apache.ibatis.session.defaults.DefaultSqlSession@45399fae]
Fetched SqlSession [org.apache.ibatis.session.defaults.DefaultSqlSession@45399fae] from current transaction
==>  Preparing: INSERT INTO appointment ( appointment_no, patient_id, patient_name, doctor_id, department_id, slot_id, slot_date, slot_time, status, source, original_id, create_time, update_time ) VALUES ( ?, ?, ?, ?, ?, ?, ?, ?, ?, ?, ?, ?, ? )
==> Parameters: MIG1780995899691(String), 3001(Long), 患者3001(String), 27(Long), 25(Long), 89(Long), 2026-06-12(LocalDate), 08:50(LocalTime), CONFIRMED(String), ONLINE(String), 81(Long), 2026-06-09T17:04:59.692929200(LocalDateTime), 2026-06-09T17:04:59.692929200(LocalDateTime)
<==    Updates: 1
Releasing transactional SqlSession [org.apache.ibatis.session.defaults.DefaultSqlSession@45399fae]
Fetched SqlSession [org.apache.ibatis.session.defaults.DefaultSqlSession@45399fae] from current transaction
==>  Preparing: UPDATE schedule_slot SET status = 'BOOKED', appointment_id = ?, version = version + 1, update_time = NOW() WHERE id = ? AND status = 'AVAILABLE' AND version = ?
==> Parameters: 84(Long), 89(Long), 0(Integer)
Creating a new SqlSession
SqlSession [org.apache.ibatis.session.defaults.DefaultSqlSession@9cbbee] was not registered for synchronization because synchronization is not active
<==    Updates: 1
Releasing transactional SqlSession [org.apache.ibatis.session.defaults.DefaultSqlSession@45399fae]
JDBC Connection [HikariProxyConnection@240866701 wrapping conn42: url=jdbc:h2:mem:clinic_test user=SA] will not be managed by Spring
==>  Preparing: INSERT INTO audit_log ( operation, entity_type, entity_id, operator_name, detail, ip, create_time ) VALUES ( ?, ?, ?, ?, ?, ?, ? )
==> Parameters: MIGRATE_APPOINTMENT(String), APPOINTMENT(String), 83(Long), (String), {"fromDoctor":26,"toDoctor":27,"fromAppt":80}(String), (String), 2026-06-09T17:04:59.693399300(LocalDateTime)
<==    Updates: 1
Closing non transactional SqlSession [org.apache.ibatis.session.defaults.DefaultSqlSession@9cbbee]
2026-06-09T17:04:59.693+08:00  INFO 30284 --- [           main] c.c.a.s.i.DoctorSuspensionServiceImpl    : 预约迁移成功: patient=3001, from=26 to=27, date=2026-06-12
Creating a new SqlSession
SqlSession [org.apache.ibatis.session.defaults.DefaultSqlSession@59dacd79] was not registered for synchronization because synchronization is not active
Fetched SqlSession [org.apache.ibatis.session.defaults.DefaultSqlSession@45399fae] from current transaction
==>  Preparing: SELECT * FROM schedule_slot WHERE doctor_id = ? AND slot_date = ? AND status = 'AVAILABLE' ORDER BY slot_time
==> Parameters: 27(Long), 2026-06-12(LocalDate)
JDBC Connection [HikariProxyConnection@1461532722 wrapping conn42: url=jdbc:h2:mem:clinic_test user=SA] will not be managed by Spring
==>  Preparing: INSERT INTO audit_log ( operation, entity_type, entity_id, operator_name, detail, ip, create_time ) VALUES ( ?, ?, ?, ?, ?, ?, ? )
==> Parameters: MIGRATE_APPOINTMENT(String), APPOINTMENT(String), 84(Long), (String), {"fromDoctor":26,"toDoctor":27,"fromAppt":81}(String), (String), 2026-06-09T17:04:59.693905300(LocalDateTime)
<==    Columns: id, schedule_id, doctor_id, department_id, slot_date, slot_time, slot_no, status, appointment_id, is_extra, version, create_time, update_time
<==        Row: 90, 27, 27, 25, 2026-06-12, 09:00:00, 3, AVAILABLE, null, 0, 0, 2026-06-09 17:04:59.668994, 2026-06-09 17:04:59.668994
<==    Updates: 1
<==        Row: 91, 27, 27, 25, 2026-06-12, 09:10:00, 4, AVAILABLE, null, 0, 0, 2026-06-09 17:04:59.669991, 2026-06-09 17:04:59.669991
<==        Row: 92, 27, 27, 25, 2026-06-12, 09:20:00, 5, AVAILABLE, null, 0, 0, 2026-06-09 17:04:59.669991, 2026-06-09 17:04:59.669991
<==      Total: 3
Releasing transactional SqlSession [org.apache.ibatis.session.defaults.DefaultSqlSession@45399fae]
Closing non transactional SqlSession [org.apache.ibatis.session.defaults.DefaultSqlSession@59dacd79]
Fetched SqlSession [org.apache.ibatis.session.defaults.DefaultSqlSession@45399fae] from current transaction
==>  Preparing: UPDATE appointment SET appointment_no=?, patient_id=?, patient_name=?, doctor_id=?, department_id=?, slot_id=?, slot_date=?, slot_time=?, status=?, source=?, booking_type=?, cancel_reason=?, create_time=?, update_time=? WHERE id=?
==> Parameters: APT20260609170459E17016(String), 3002(Long), 患者3002(String), 26(Long), 25(Long), 85(Long), 2026-06-12(LocalDate), 09:00(LocalTime), RESCHEDULED(String), ONLINE(String), SINGLE(String), 停诊迁移至王医生(String), 2026-06-09T17:04:59.680962(LocalDateTime), 2026-06-09T17:04:59.680962(LocalDateTime), 82(Long)
<==    Updates: 1
Releasing transactional SqlSession [org.apache.ibatis.session.defaults.DefaultSqlSession@45399fae]
Fetched SqlSession [org.apache.ibatis.session.defaults.DefaultSqlSession@45399fae] from current transaction
==>  Preparing: INSERT INTO appointment ( appointment_no, patient_id, patient_name, doctor_id, department_id, slot_id, slot_date, slot_time, status, source, original_id, create_time, update_time ) VALUES ( ?, ?, ?, ?, ?, ?, ?, ?, ?, ?, ?, ?, ? )
==> Parameters: MIG1780995899694(String), 3002(Long), 患者3002(String), 27(Long), 25(Long), 90(Long), 2026-06-12(LocalDate), 09:00(LocalTime), CONFIRMED(String), ONLINE(String), 82(Long), 2026-06-09T17:04:59.694906300(LocalDateTime), 2026-06-09T17:04:59.694906300(LocalDateTime)
<==    Updates: 1
Releasing transactional SqlSession [org.apache.ibatis.session.defaults.DefaultSqlSession@45399fae]
Fetched SqlSession [org.apache.ibatis.session.defaults.DefaultSqlSession@45399fae] from current transaction
==>  Preparing: UPDATE schedule_slot SET status = 'BOOKED', appointment_id = ?, version = version + 1, update_time = NOW() WHERE id = ? AND status = 'AVAILABLE' AND version = ?
==> Parameters: 85(Long), 90(Long), 0(Integer)
<==    Updates: 1
Releasing transactional SqlSession [org.apache.ibatis.session.defaults.DefaultSqlSession@45399fae]
2026-06-09T17:04:59.694+08:00  INFO 30284 --- [           main] c.c.a.s.i.DoctorSuspensionServiceImpl    : 预约迁移成功: patient=3002, from=26 to=27, date=2026-06-12
Creating a new SqlSession
SqlSession [org.apache.ibatis.session.defaults.DefaultSqlSession@2a317aed] was not registered for synchronization because synchronization is not active
Fetched SqlSession [org.apache.ibatis.session.defaults.DefaultSqlSession@45399fae] from current transaction
JDBC Connection [HikariProxyConnection@620134875 wrapping conn42: url=jdbc:h2:mem:clinic_test user=SA] will not be managed by Spring
==>  Preparing: UPDATE doctor_schedule SET status = ?, update_time = NOW() WHERE doctor_id = ? AND schedule_date >= ? AND status = 'NORMAL'
==>  Preparing: INSERT INTO audit_log ( operation, entity_type, entity_id, operator_name, detail, ip, create_time ) VALUES ( ?, ?, ?, ?, ?, ?, ? )
==> Parameters: MIGRATE_APPOINTMENT(String), APPOINTMENT(String), 85(Long), (String), {"fromDoctor":26,"toDoctor":27,"fromAppt":82}(String), (String), 2026-06-09T17:04:59.695903800(LocalDateTime)
==> Parameters: SUSPENDED(String), 26(Long), 2026-06-12(LocalDate)
<==    Updates: 1
<==    Updates: 1
Releasing transactional SqlSession [org.apache.ibatis.session.defaults.DefaultSqlSession@45399fae]
Closing non transactional SqlSession [org.apache.ibatis.session.defaults.DefaultSqlSession@2a317aed]
Fetched SqlSession [org.apache.ibatis.session.defaults.DefaultSqlSession@45399fae] from current transaction
==>  Preparing: UPDATE doctor_suspension SET doctor_id=?, start_date=?, end_date=?, reason=?, migrate_type=?, status=?, create_time=?, update_time=? WHERE id=?
==> Parameters: 26(Long), 2026-06-12(LocalDate), 2026-06-12(LocalDate), 医生A外出进修(String), MIGRATE(String), COMPLETED(String), 2026-06-09T17:04:59.682956300(LocalDateTime), 2026-06-09T17:04:59.682956300(LocalDateTime), 5(Long)
<==    Updates: 1
Releasing transactional SqlSession [org.apache.ibatis.session.defaults.DefaultSqlSession@45399fae]
Creating a new SqlSession
2026-06-09T17:04:59.696+08:00  INFO 30284 --- [           main] c.c.a.s.i.DoctorSuspensionServiceImpl    : 停诊处理完成: {suspensionId=5, doctorId=26, doctorName=李医生, range=2026-06-12 ~ 2026-06-12, migrateType=MIGRATE, cancelledCount=0, migratedCount=3, failedCount=0, details=[迁移3个, 取消0个, 失败0个]}
SqlSession [org.apache.ibatis.session.defaults.DefaultSqlSession@436ec675] was not registered for synchronization because synchronization is not active
Transaction synchronization committing SqlSession [org.apache.ibatis.session.defaults.DefaultSqlSession@45399fae]
Transaction synchronization deregistering SqlSession [org.apache.ibatis.session.defaults.DefaultSqlSession@45399fae]
Transaction synchronization closing SqlSession [org.apache.ibatis.session.defaults.DefaultSqlSession@45399fae]
JDBC Connection [HikariProxyConnection@1302933608 wrapping conn42: url=jdbc:h2:mem:clinic_test user=SA] will not be managed by Spring
==>  Preparing: INSERT INTO audit_log ( operation, entity_type, entity_id, operator_name, detail, ip, create_time ) VALUES ( ?, ?, ?, ?, ?, ?, ? )
==> Parameters: DOCTOR_SUSPENSION(String), SUSPENSION(String), 5(Long), (String), {"doctorId":26,"type":"MIGRATE","cancelled":0,"migrated":3}(String), (String), 2026-06-09T17:04:59.696901(LocalDateTime)
<==    Updates: 1
2026-06-09T17:04:59.696+08:00  INFO 30284 --- [           main] c.c.appointment.SuspensionMigrationTest  : 停诊迁移结果: {suspensionId=5, doctorId=26, doctorName=李医生, range=2026-06-12 ~ 2026-06-12, migrateType=MIGRATE, cancelledCount=0, migratedCount=3, failedCount=0, details=[迁移3个, 取消0个, 失败0个]}
Closing non transactional SqlSession [org.apache.ibatis.session.defaults.DefaultSqlSession@436ec675]
Creating a new SqlSession
SqlSession [org.apache.ibatis.session.defaults.DefaultSqlSession@3bdc78d8] was not registered for synchronization because synchronization is not active
JDBC Connection [HikariProxyConnection@1236693066 wrapping conn43: url=jdbc:h2:mem:clinic_test user=SA] will not be managed by Spring
==>  Preparing: SELECT * FROM appointment WHERE doctor_id = ? AND slot_date = ? AND status IN ('PENDING','CONFIRMED')
==> Parameters: 26(Long), 2026-06-12(LocalDate)
<==      Total: 0
Closing non transactional SqlSession [org.apache.ibatis.session.defaults.DefaultSqlSession@3bdc78d8]
Creating a new SqlSession
SqlSession [org.apache.ibatis.session.defaults.DefaultSqlSession@60877252] was not registered for synchronization because synchronization is not active
JDBC Connection [HikariProxyConnection@1175476554 wrapping conn43: url=jdbc:h2:mem:clinic_test user=SA] will not be managed by Spring
==>  Preparing: SELECT * FROM appointment WHERE doctor_id = ? AND slot_date = ? AND status IN ('PENDING','CONFIRMED')
==> Parameters: 27(Long), 2026-06-12(LocalDate)
<==    Columns: id, appointment_no, patient_id, patient_name, doctor_id, department_id, slot_id, slot_date, slot_time, status, source, booking_type, exam_type_code, original_id, cancel_reason, create_time, update_time
<==        Row: 83, MIG1780995899689, 3000, 患者3000, 27, 25, 88, 2026-06-12, 08:40:00, CONFIRMED, ONLINE, SINGLE, null, 80, , 2026-06-09 17:04:59.689939, 2026-06-09 17:04:59.689939
<==        Row: 84, MIG1780995899691, 3001, 患者3001, 27, 25, 89, 2026-06-12, 08:50:00, CONFIRMED, ONLINE, SINGLE, null, 81, , 2026-06-09 17:04:59.692929, 2026-06-09 17:04:59.692929
<==        Row: 85, MIG1780995899694, 3002, 患者3002, 27, 25, 90, 2026-06-12, 09:00:00, CONFIRMED, ONLINE, SINGLE, null, 82, , 2026-06-09 17:04:59.694906, 2026-06-09 17:04:59.694906
<==      Total: 3
Closing non transactional SqlSession [org.apache.ibatis.session.defaults.DefaultSqlSession@60877252]
Creating a new SqlSession
SqlSession [org.apache.ibatis.session.defaults.DefaultSqlSession@3f520f7b] was not registered for synchronization because synchronization is not active
JDBC Connection [HikariProxyConnection@2077019090 wrapping conn43: url=jdbc:h2:mem:clinic_test user=SA] will not be managed by Spring
==>  Preparing: SELECT id,schedule_id,doctor_id,department_id,slot_date,slot_time,slot_no,status,appointment_id,is_extra,version,create_time,update_time FROM schedule_slot WHERE (doctor_id = ? AND slot_date = ?)
==> Parameters: 26(Long), 2026-06-12(LocalDate)
<==    Columns: id, schedule_id, doctor_id, department_id, slot_date, slot_time, slot_no, status, appointment_id, is_extra, version, create_time, update_time
<==        Row: 83, 26, 26, 25, 2026-06-12, 08:40:00, 1, SUSPENDED, 80, 0, 2, 2026-06-09 17:04:59.666001, 2026-06-09 17:04:59.683953
<==        Row: 84, 26, 26, 25, 2026-06-12, 08:50:00, 2, SUSPENDED, 81, 0, 2, 2026-06-09 17:04:59.666999, 2026-06-09 17:04:59.683953
<==        Row: 85, 26, 26, 25, 2026-06-12, 09:00:00, 3, SUSPENDED, 82, 0, 2, 2026-06-09 17:04:59.666999, 2026-06-09 17:04:59.683953
<==        Row: 86, 26, 26, 25, 2026-06-12, 09:10:00, 4, SUSPENDED, null, 0, 1, 2026-06-09 17:04:59.666999, 2026-06-09 17:04:59.683953
<==        Row: 87, 26, 26, 25, 2026-06-12, 09:20:00, 5, SUSPENDED, null, 0, 1, 2026-06-09 17:04:59.667996, 2026-06-09 17:04:59.683953
<==      Total: 5
Closing non transactional SqlSession [org.apache.ibatis.session.defaults.DefaultSqlSession@3f520f7b]
]]></system-out>
  </testcase>
  <testcase name="suspendWithCancel" classname="com.clinic.appointment.SuspensionMigrationTest" time="0.034">
    <system-out><![CDATA[Creating a new SqlSession
SqlSession [org.apache.ibatis.session.defaults.DefaultSqlSession@72883ae0] was not registered for synchronization because synchronization is not active
JDBC Connection [HikariProxyConnection@1907736157 wrapping conn43: url=jdbc:h2:mem:clinic_test user=SA] will not be managed by Spring
==>  Preparing: DELETE FROM appointment
==> Parameters: 
<==    Updates: 6
Closing non transactional SqlSession [org.apache.ibatis.session.defaults.DefaultSqlSession@72883ae0]
Creating a new SqlSession
SqlSession [org.apache.ibatis.session.defaults.DefaultSqlSession@5eb35ec7] was not registered for synchronization because synchronization is not active
JDBC Connection [HikariProxyConnection@1136430232 wrapping conn43: url=jdbc:h2:mem:clinic_test user=SA] will not be managed by Spring
==>  Preparing: DELETE FROM schedule_slot
==> Parameters: 
<==    Updates: 10
Closing non transactional SqlSession [org.apache.ibatis.session.defaults.DefaultSqlSession@5eb35ec7]
Creating a new SqlSession
SqlSession [org.apache.ibatis.session.defaults.DefaultSqlSession@7050e135] was not registered for synchronization because synchronization is not active
JDBC Connection [HikariProxyConnection@743173684 wrapping conn43: url=jdbc:h2:mem:clinic_test user=SA] will not be managed by Spring
==>  Preparing: DELETE FROM doctor_schedule
==> Parameters: 
<==    Updates: 2
Closing non transactional SqlSession [org.apache.ibatis.session.defaults.DefaultSqlSession@7050e135]
Creating a new SqlSession
SqlSession [org.apache.ibatis.session.defaults.DefaultSqlSession@684ad81c] was not registered for synchronization because synchronization is not active
JDBC Connection [HikariProxyConnection@1328894401 wrapping conn43: url=jdbc:h2:mem:clinic_test user=SA] will not be managed by Spring
==>  Preparing: DELETE FROM doctor
==> Parameters: 
<==    Updates: 2
Closing non transactional SqlSession [org.apache.ibatis.session.defaults.DefaultSqlSession@684ad81c]
Creating a new SqlSession
SqlSession [org.apache.ibatis.session.defaults.DefaultSqlSession@381b485b] was not registered for synchronization because synchronization is not active
JDBC Connection [HikariProxyConnection@1272068898 wrapping conn43: url=jdbc:h2:mem:clinic_test user=SA] will not be managed by Spring
==>  Preparing: DELETE FROM department
==> Parameters: 
<==    Updates: 1
Closing non transactional SqlSession [org.apache.ibatis.session.defaults.DefaultSqlSession@381b485b]
Creating a new SqlSession
SqlSession [org.apache.ibatis.session.defaults.DefaultSqlSession@75e6907c] was not registered for synchronization because synchronization is not active
JDBC Connection [HikariProxyConnection@280525912 wrapping conn43: url=jdbc:h2:mem:clinic_test user=SA] will not be managed by Spring
==>  Preparing: INSERT INTO department ( name, code, status, create_time, update_time ) VALUES ( ?, ?, ?, ?, ? )
==> Parameters: 骨科(String), GUKE(String), 1(Integer), 2026-06-09T17:04:59.704879700(LocalDateTime), 2026-06-09T17:04:59.704879700(LocalDateTime)
<==    Updates: 1
Closing non transactional SqlSession [org.apache.ibatis.session.defaults.DefaultSqlSession@75e6907c]
Creating a new SqlSession
SqlSession [org.apache.ibatis.session.defaults.DefaultSqlSession@7203a784] was not registered for synchronization because synchronization is not active
JDBC Connection [HikariProxyConnection@676497869 wrapping conn43: url=jdbc:h2:mem:clinic_test user=SA] will not be managed by Spring
==>  Preparing: INSERT INTO doctor ( name, employee_no, department_id, status, create_time, update_time ) VALUES ( ?, ?, ?, ?, ?, ? )
==> Parameters: 李医生(String), D010(String), 26(Long), 1(Integer), 2026-06-09T17:04:59.704879700(LocalDateTime), 2026-06-09T17:04:59.704879700(LocalDateTime)
<==    Updates: 1
Closing non transactional SqlSession [org.apache.ibatis.session.defaults.DefaultSqlSession@7203a784]
Creating a new SqlSession
SqlSession [org.apache.ibatis.session.defaults.DefaultSqlSession@697699cb] was not registered for synchronization because synchronization is not active
JDBC Connection [HikariProxyConnection@981430785 wrapping conn43: url=jdbc:h2:mem:clinic_test user=SA] will not be managed by Spring
==>  Preparing: INSERT INTO doctor ( name, employee_no, department_id, status, create_time, update_time ) VALUES ( ?, ?, ?, ?, ?, ? )
==> Parameters: 王医生(String), D011(String), 26(Long), 1(Integer), 2026-06-09T17:04:59.705877900(LocalDateTime), 2026-06-09T17:04:59.705877900(LocalDateTime)
<==    Updates: 1
Closing non transactional SqlSession [org.apache.ibatis.session.defaults.DefaultSqlSession@697699cb]
Creating a new SqlSession
SqlSession [org.apache.ibatis.session.defaults.DefaultSqlSession@552fcd4d] was not registered for synchronization because synchronization is not active
JDBC Connection [HikariProxyConnection@1770994372 wrapping conn43: url=jdbc:h2:mem:clinic_test user=SA] will not be managed by Spring
==>  Preparing: INSERT INTO doctor_schedule ( doctor_id, department_id, schedule_date, time_period, total_slots, booked_slots, extra_slots, status, create_time, update_time ) VALUES ( ?, ?, ?, ?, ?, ?, ?, ?, ?, ? )
==> Parameters: 28(Long), 26(Long), 2026-06-12(LocalDate), MORNING(String), 5(Integer), 0(Integer), 0(Integer), NORMAL(String), 2026-06-09T17:04:59.706874800(LocalDateTime), 2026-06-09T17:04:59.706874800(LocalDateTime)
<==    Updates: 1
Closing non transactional SqlSession [org.apache.ibatis.session.defaults.DefaultSqlSession@552fcd4d]
Creating a new SqlSession
SqlSession [org.apache.ibatis.session.defaults.DefaultSqlSession@34ea5eff] was not registered for synchronization because synchronization is not active
JDBC Connection [HikariProxyConnection@1975831833 wrapping conn43: url=jdbc:h2:mem:clinic_test user=SA] will not be managed by Spring
==>  Preparing: INSERT INTO schedule_slot ( schedule_id, doctor_id, department_id, slot_date, slot_time, slot_no, status, is_extra, version, create_time, update_time ) VALUES ( ?, ?, ?, ?, ?, ?, ?, ?, ?, ?, ? )
==> Parameters: 28(Long), 28(Long), 26(Long), 2026-06-12(LocalDate), 08:40(LocalTime), 1(Integer), AVAILABLE(String), 0(Integer), 0(Integer), 2026-06-09T17:04:59.706874800(LocalDateTime), 2026-06-09T17:04:59.706874800(LocalDateTime)
<==    Updates: 1
Closing non transactional SqlSession [org.apache.ibatis.session.defaults.DefaultSqlSession@34ea5eff]
Creating a new SqlSession
SqlSession [org.apache.ibatis.session.defaults.DefaultSqlSession@5eaa3349] was not registered for synchronization because synchronization is not active
JDBC Connection [HikariProxyConnection@1315138370 wrapping conn43: url=jdbc:h2:mem:clinic_test user=SA] will not be managed by Spring
==>  Preparing: INSERT INTO schedule_slot ( schedule_id, doctor_id, department_id, slot_date, slot_time, slot_no, status, is_extra, version, create_time, update_time ) VALUES ( ?, ?, ?, ?, ?, ?, ?, ?, ?, ?, ? )
==> Parameters: 28(Long), 28(Long), 26(Long), 2026-06-12(LocalDate), 08:50(LocalTime), 2(Integer), AVAILABLE(String), 0(Integer), 0(Integer), 2026-06-09T17:04:59.707871900(LocalDateTime), 2026-06-09T17:04:59.707871900(LocalDateTime)
<==    Updates: 1
Closing non transactional SqlSession [org.apache.ibatis.session.defaults.DefaultSqlSession@5eaa3349]
Creating a new SqlSession
SqlSession [org.apache.ibatis.session.defaults.DefaultSqlSession@2818d9d7] was not registered for synchronization because synchronization is not active
JDBC Connection [HikariProxyConnection@2070377928 wrapping conn43: url=jdbc:h2:mem:clinic_test user=SA] will not be managed by Spring
==>  Preparing: INSERT INTO schedule_slot ( schedule_id, doctor_id, department_id, slot_date, slot_time, slot_no, status, is_extra, version, create_time, update_time ) VALUES ( ?, ?, ?, ?, ?, ?, ?, ?, ?, ?, ? )
==> Parameters: 28(Long), 28(Long), 26(Long), 2026-06-12(LocalDate), 09:00(LocalTime), 3(Integer), AVAILABLE(String), 0(Integer), 0(Integer), 2026-06-09T17:04:59.707871900(LocalDateTime), 2026-06-09T17:04:59.707871900(LocalDateTime)
<==    Updates: 1
Closing non transactional SqlSession [org.apache.ibatis.session.defaults.DefaultSqlSession@2818d9d7]
Creating a new SqlSession
SqlSession [org.apache.ibatis.session.defaults.DefaultSqlSession@74d82196] was not registered for synchronization because synchronization is not active
JDBC Connection [HikariProxyConnection@565472564 wrapping conn43: url=jdbc:h2:mem:clinic_test user=SA] will not be managed by Spring
==>  Preparing: INSERT INTO schedule_slot ( schedule_id, doctor_id, department_id, slot_date, slot_time, slot_no, status, is_extra, version, create_time, update_time ) VALUES ( ?, ?, ?, ?, ?, ?, ?, ?, ?, ?, ? )
==> Parameters: 28(Long), 28(Long), 26(Long), 2026-06-12(LocalDate), 09:10(LocalTime), 4(Integer), AVAILABLE(String), 0(Integer), 0(Integer), 2026-06-09T17:04:59.707871900(LocalDateTime), 2026-06-09T17:04:59.707871900(LocalDateTime)
<==    Updates: 1
Closing non transactional SqlSession [org.apache.ibatis.session.defaults.DefaultSqlSession@74d82196]
Creating a new SqlSession
SqlSession [org.apache.ibatis.session.defaults.DefaultSqlSession@4f8cdeb4] was not registered for synchronization because synchronization is not active
JDBC Connection [HikariProxyConnection@260389816 wrapping conn43: url=jdbc:h2:mem:clinic_test user=SA] will not be managed by Spring
==>  Preparing: INSERT INTO schedule_slot ( schedule_id, doctor_id, department_id, slot_date, slot_time, slot_no, status, is_extra, version, create_time, update_time ) VALUES ( ?, ?, ?, ?, ?, ?, ?, ?, ?, ?, ? )
==> Parameters: 28(Long), 28(Long), 26(Long), 2026-06-12(LocalDate), 09:20(LocalTime), 5(Integer), AVAILABLE(String), 0(Integer), 0(Integer), 2026-06-09T17:04:59.707871900(LocalDateTime), 2026-06-09T17:04:59.707871900(LocalDateTime)
<==    Updates: 1
Closing non transactional SqlSession [org.apache.ibatis.session.defaults.DefaultSqlSession@4f8cdeb4]
Creating a new SqlSession
SqlSession [org.apache.ibatis.session.defaults.DefaultSqlSession@3ae47f4f] was not registered for synchronization because synchronization is not active
JDBC Connection [HikariProxyConnection@951810282 wrapping conn43: url=jdbc:h2:mem:clinic_test user=SA] will not be managed by Spring
==>  Preparing: INSERT INTO doctor_schedule ( doctor_id, department_id, schedule_date, time_period, total_slots, booked_slots, extra_slots, status, create_time, update_time ) VALUES ( ?, ?, ?, ?, ?, ?, ?, ?, ?, ? )
==> Parameters: 29(Long), 26(Long), 2026-06-12(LocalDate), MORNING(String), 5(Integer), 0(Integer), 0(Integer), NORMAL(String), 2026-06-09T17:04:59.708869200(LocalDateTime), 2026-06-09T17:04:59.708869200(LocalDateTime)
<==    Updates: 1
Closing non transactional SqlSession [org.apache.ibatis.session.defaults.DefaultSqlSession@3ae47f4f]
Creating a new SqlSession
SqlSession [org.apache.ibatis.session.defaults.DefaultSqlSession@116b7837] was not registered for synchronization because synchronization is not active
JDBC Connection [HikariProxyConnection@924174681 wrapping conn43: url=jdbc:h2:mem:clinic_test user=SA] will not be managed by Spring
==>  Preparing: INSERT INTO schedule_slot ( schedule_id, doctor_id, department_id, slot_date, slot_time, slot_no, status, is_extra, version, create_time, update_time ) VALUES ( ?, ?, ?, ?, ?, ?, ?, ?, ?, ?, ? )
==> Parameters: 29(Long), 29(Long), 26(Long), 2026-06-12(LocalDate), 08:40(LocalTime), 1(Integer), AVAILABLE(String), 0(Integer), 0(Integer), 2026-06-09T17:04:59.708869200(LocalDateTime), 2026-06-09T17:04:59.708869200(LocalDateTime)
<==    Updates: 1
Closing non transactional SqlSession [org.apache.ibatis.session.defaults.DefaultSqlSession@116b7837]
Creating a new SqlSession
SqlSession [org.apache.ibatis.session.defaults.DefaultSqlSession@2e92c6f3] was not registered for synchronization because synchronization is not active
JDBC Connection [HikariProxyConnection@1292736483 wrapping conn43: url=jdbc:h2:mem:clinic_test user=SA] will not be managed by Spring
==>  Preparing: INSERT INTO schedule_slot ( schedule_id, doctor_id, department_id, slot_date, slot_time, slot_no, status, is_extra, version, create_time, update_time ) VALUES ( ?, ?, ?, ?, ?, ?, ?, ?, ?, ?, ? )
==> Parameters: 29(Long), 29(Long), 26(Long), 2026-06-12(LocalDate), 08:50(LocalTime), 2(Integer), AVAILABLE(String), 0(Integer), 0(Integer), 2026-06-09T17:04:59.708869200(LocalDateTime), 2026-06-09T17:04:59.708869200(LocalDateTime)
<==    Updates: 1
Closing non transactional SqlSession [org.apache.ibatis.session.defaults.DefaultSqlSession@2e92c6f3]
Creating a new SqlSession
SqlSession [org.apache.ibatis.session.defaults.DefaultSqlSession@76de4b5] was not registered for synchronization because synchronization is not active
JDBC Connection [HikariProxyConnection@506182144 wrapping conn43: url=jdbc:h2:mem:clinic_test user=SA] will not be managed by Spring
==>  Preparing: INSERT INTO schedule_slot ( schedule_id, doctor_id, department_id, slot_date, slot_time, slot_no, status, is_extra, version, create_time, update_time ) VALUES ( ?, ?, ?, ?, ?, ?, ?, ?, ?, ?, ? )
==> Parameters: 29(Long), 29(Long), 26(Long), 2026-06-12(LocalDate), 09:00(LocalTime), 3(Integer), AVAILABLE(String), 0(Integer), 0(Integer), 2026-06-09T17:04:59.708869200(LocalDateTime), 2026-06-09T17:04:59.708869200(LocalDateTime)
<==    Updates: 1
Closing non transactional SqlSession [org.apache.ibatis.session.defaults.DefaultSqlSession@76de4b5]
Creating a new SqlSession
SqlSession [org.apache.ibatis.session.defaults.DefaultSqlSession@26364268] was not registered for synchronization because synchronization is not active
JDBC Connection [HikariProxyConnection@119892930 wrapping conn43: url=jdbc:h2:mem:clinic_test user=SA] will not be managed by Spring
==>  Preparing: INSERT INTO schedule_slot ( schedule_id, doctor_id, department_id, slot_date, slot_time, slot_no, status, is_extra, version, create_time, update_time ) VALUES ( ?, ?, ?, ?, ?, ?, ?, ?, ?, ?, ? )
==> Parameters: 29(Long), 29(Long), 26(Long), 2026-06-12(LocalDate), 09:10(LocalTime), 4(Integer), AVAILABLE(String), 0(Integer), 0(Integer), 2026-06-09T17:04:59.709866700(LocalDateTime), 2026-06-09T17:04:59.709866700(LocalDateTime)
<==    Updates: 1
Closing non transactional SqlSession [org.apache.ibatis.session.defaults.DefaultSqlSession@26364268]
Creating a new SqlSession
SqlSession [org.apache.ibatis.session.defaults.DefaultSqlSession@6f056fdf] was not registered for synchronization because synchronization is not active
JDBC Connection [HikariProxyConnection@750592901 wrapping conn43: url=jdbc:h2:mem:clinic_test user=SA] will not be managed by Spring
==>  Preparing: INSERT INTO schedule_slot ( schedule_id, doctor_id, department_id, slot_date, slot_time, slot_no, status, is_extra, version, create_time, update_time ) VALUES ( ?, ?, ?, ?, ?, ?, ?, ?, ?, ?, ? )
==> Parameters: 29(Long), 29(Long), 26(Long), 2026-06-12(LocalDate), 09:20(LocalTime), 5(Integer), AVAILABLE(String), 0(Integer), 0(Integer), 2026-06-09T17:04:59.709866700(LocalDateTime), 2026-06-09T17:04:59.709866700(LocalDateTime)
<==    Updates: 1
Closing non transactional SqlSession [org.apache.ibatis.session.defaults.DefaultSqlSession@6f056fdf]
Creating a new SqlSession
SqlSession [org.apache.ibatis.session.defaults.DefaultSqlSession@388c0178] was not registered for synchronization because synchronization is not active
JDBC Connection [HikariProxyConnection@349898448 wrapping conn43: url=jdbc:h2:mem:clinic_test user=SA] will not be managed by Spring
==>  Preparing: SELECT * FROM schedule_slot WHERE doctor_id = ? AND slot_date = ? AND status = 'AVAILABLE' ORDER BY slot_time
==> Parameters: 28(Long), 2026-06-12(LocalDate)
<==    Columns: id, schedule_id, doctor_id, department_id, slot_date, slot_time, slot_no, status, appointment_id, is_extra, version, create_time, update_time
<==        Row: 93, 28, 28, 26, 2026-06-12, 08:40:00, 1, AVAILABLE, null, 0, 0, 2026-06-09 17:04:59.706875, 2026-06-09 17:04:59.706875
<==        Row: 94, 28, 28, 26, 2026-06-12, 08:50:00, 2, AVAILABLE, null, 0, 0, 2026-06-09 17:04:59.707872, 2026-06-09 17:04:59.707872
<==        Row: 95, 28, 28, 26, 2026-06-12, 09:00:00, 3, AVAILABLE, null, 0, 0, 2026-06-09 17:04:59.707872, 2026-06-09 17:04:59.707872
<==        Row: 96, 28, 28, 26, 2026-06-12, 09:10:00, 4, AVAILABLE, null, 0, 0, 2026-06-09 17:04:59.707872, 2026-06-09 17:04:59.707872
<==        Row: 97, 28, 28, 26, 2026-06-12, 09:20:00, 5, AVAILABLE, null, 0, 0, 2026-06-09 17:04:59.707872, 2026-06-09 17:04:59.707872
<==      Total: 5
Closing non transactional SqlSession [org.apache.ibatis.session.defaults.DefaultSqlSession@388c0178]
Creating a new SqlSession
Registering transaction synchronization for SqlSession [org.apache.ibatis.session.defaults.DefaultSqlSession@50e4e803]
JDBC Connection [HikariProxyConnection@1298078872 wrapping conn43: url=jdbc:h2:mem:clinic_test user=SA] will be managed by Spring
==>  Preparing: SELECT id,schedule_id,doctor_id,department_id,slot_date,slot_time,slot_no,status,appointment_id,is_extra,version,create_time,update_time FROM schedule_slot WHERE id=?
==> Parameters: 93(Long)
<==    Columns: id, schedule_id, doctor_id, department_id, slot_date, slot_time, slot_no, status, appointment_id, is_extra, version, create_time, update_time
<==        Row: 93, 28, 28, 26, 2026-06-12, 08:40:00, 1, AVAILABLE, null, 0, 0, 2026-06-09 17:04:59.706875, 2026-06-09 17:04:59.706875
<==      Total: 1
Releasing transactional SqlSession [org.apache.ibatis.session.defaults.DefaultSqlSession@50e4e803]
Fetched SqlSession [org.apache.ibatis.session.defaults.DefaultSqlSession@50e4e803] from current transaction
Releasing transactional SqlSession [org.apache.ibatis.session.defaults.DefaultSqlSession@50e4e803]
Fetched SqlSession [org.apache.ibatis.session.defaults.DefaultSqlSession@50e4e803] from current transaction
==>  Preparing: INSERT INTO appointment ( appointment_no, patient_id, patient_name, doctor_id, department_id, slot_id, slot_date, slot_time, status, source, booking_type, create_time, update_time ) VALUES ( ?, ?, ?, ?, ?, ?, ?, ?, ?, ?, ?, ?, ? )
==> Parameters: APT20260609170459D80936(String), 3000(Long), 患者3000(String), 28(Long), 26(Long), 93(Long), 2026-06-12(LocalDate), 08:40(LocalTime), CONFIRMED(String), ONLINE(String), SINGLE(String), 2026-06-09T17:04:59.710864300(LocalDateTime), 2026-06-09T17:04:59.710864300(LocalDateTime)
<==    Updates: 1
Releasing transactional SqlSession [org.apache.ibatis.session.defaults.DefaultSqlSession@50e4e803]
Fetched SqlSession [org.apache.ibatis.session.defaults.DefaultSqlSession@50e4e803] from current transaction
==>  Preparing: UPDATE schedule_slot SET status = 'BOOKED', appointment_id = ?, version = version + 1, update_time = NOW() WHERE id = ? AND status = 'AVAILABLE' AND version = ?
==> Parameters: 86(Long), 93(Long), 0(Integer)
<==    Updates: 1
Releasing transactional SqlSession [org.apache.ibatis.session.defaults.DefaultSqlSession@50e4e803]
Fetched SqlSession [org.apache.ibatis.session.defaults.DefaultSqlSession@50e4e803] from current transaction
==>  Preparing: SELECT id,doctor_id,department_id,schedule_date,time_period,total_slots,booked_slots,extra_slots,status,create_time,update_time FROM doctor_schedule WHERE id=?
==> Parameters: 28(Long)
<==    Columns: id, doctor_id, department_id, schedule_date, time_period, total_slots, booked_slots, extra_slots, status, create_time, update_time
<==        Row: 28, 28, 26, 2026-06-12, MORNING, 5, 0, 0, NORMAL, 2026-06-09 17:04:59.706875, 2026-06-09 17:04:59.706875
<==      Total: 1
Releasing transactional SqlSession [org.apache.ibatis.session.defaults.DefaultSqlSession@50e4e803]
Fetched SqlSession [org.apache.ibatis.session.defaults.DefaultSqlSession@50e4e803] from current transaction
==>  Preparing: UPDATE doctor_schedule SET doctor_id=?, department_id=?, schedule_date=?, time_period=?, total_slots=?, booked_slots=?, extra_slots=?, status=?, create_time=?, update_time=? WHERE id=?
==> Parameters: 28(Long), 26(Long), 2026-06-12(LocalDate), MORNING(String), 5(Integer), 1(Integer), 0(Integer), NORMAL(String), 2026-06-09T17:04:59.706875(LocalDateTime), 2026-06-09T17:04:59.706875(LocalDateTime), 28(Long)
<==    Updates: 1
Releasing transactional SqlSession [org.apache.ibatis.session.defaults.DefaultSqlSession@50e4e803]
2026-06-09T17:04:59.712+08:00  INFO 30284 --- [           main] c.c.a.s.impl.AppointmentServiceImpl      : 预约成功: no=APT20260609170459D80936, patient=3000, doctor=28, date=2026-06-12, time=08:40, type=SINGLE
Creating a new SqlSession
SqlSession [org.apache.ibatis.session.defaults.DefaultSqlSession@27dd042a] was not registered for synchronization because synchronization is not active
Transaction synchronization committing SqlSession [org.apache.ibatis.session.defaults.DefaultSqlSession@50e4e803]
Transaction synchronization deregistering SqlSession [org.apache.ibatis.session.defaults.DefaultSqlSession@50e4e803]
Transaction synchronization closing SqlSession [org.apache.ibatis.session.defaults.DefaultSqlSession@50e4e803]
JDBC Connection [HikariProxyConnection@689630881 wrapping conn42: url=jdbc:h2:mem:clinic_test user=SA] will not be managed by Spring
==>  Preparing: INSERT INTO audit_log ( operation, entity_type, entity_id, operator_name, detail, ip, create_time ) VALUES ( ?, ?, ?, ?, ?, ?, ? )
==> Parameters: BOOK(String), APPOINTMENT(String), 86(Long), (String), {"patientId":3000,"slotId":93,"date":"2026-06-12","time":"08:40","bookingType":"SINGLE","examType":"null"}(String), (String), 2026-06-09T17:04:59.712858300(LocalDateTime)
Creating a new SqlSession
Registering transaction synchronization for SqlSession [org.apache.ibatis.session.defaults.DefaultSqlSession@76ad3ab9]
JDBC Connection [HikariProxyConnection@1416645446 wrapping conn43: url=jdbc:h2:mem:clinic_test user=SA] will be managed by Spring
==>  Preparing: SELECT id,schedule_id,doctor_id,department_id,slot_date,slot_time,slot_no,status,appointment_id,is_extra,version,create_time,update_time FROM schedule_slot WHERE id=?
==> Parameters: 94(Long)
<==    Columns: id, schedule_id, doctor_id, department_id, slot_date, slot_time, slot_no, status, appointment_id, is_extra, version, create_time, update_time
<==        Row: 94, 28, 28, 26, 2026-06-12, 08:50:00, 2, AVAILABLE, null, 0, 0, 2026-06-09 17:04:59.707872, 2026-06-09 17:04:59.707872
<==    Updates: 1
<==      Total: 1
Releasing transactional SqlSession [org.apache.ibatis.session.defaults.DefaultSqlSession@76ad3ab9]
Closing non transactional SqlSession [org.apache.ibatis.session.defaults.DefaultSqlSession@27dd042a]
Fetched SqlSession [org.apache.ibatis.session.defaults.DefaultSqlSession@76ad3ab9] from current transaction
Releasing transactional SqlSession [org.apache.ibatis.session.defaults.DefaultSqlSession@76ad3ab9]
Fetched SqlSession [org.apache.ibatis.session.defaults.DefaultSqlSession@76ad3ab9] from current transaction
==>  Preparing: INSERT INTO appointment ( appointment_no, patient_id, patient_name, doctor_id, department_id, slot_id, slot_date, slot_time, status, source, booking_type, create_time, update_time ) VALUES ( ?, ?, ?, ?, ?, ?, ?, ?, ?, ?, ?, ?, ? )
[...]
==>  Preparing: INSERT INTO department ( name, code, status, create_time, update_time ) VALUES ( ?, ?, ?, ?, ? )
==> Parameters: 特殊科(String), SPECIAL(String), 1(Integer), 2026-06-09T17:04:59.750551(LocalDateTime), 2026-06-09T17:04:59.751549400(LocalDateTime)
<==    Updates: 1
Closing non transactional SqlSession [org.apache.ibatis.session.defaults.DefaultSqlSession@23092aba]
Creating a new SqlSession
SqlSession [org.apache.ibatis.session.defaults.DefaultSqlSession@30661521] was not registered for synchronization because synchronization is not active
JDBC Connection [HikariProxyConnection@413547784 wrapping conn43: url=jdbc:h2:mem:clinic_test user=SA] will not be managed by Spring
==>  Preparing: INSERT INTO doctor ( name, employee_no, department_id, status, create_time, update_time ) VALUES ( ?, ?, ?, ?, ?, ? )
==> Parameters: 赵医生(String), D099(String), 29(Long), 1(Integer), 2026-06-09T17:04:59.751549400(LocalDateTime), 2026-06-09T17:04:59.751549400(LocalDateTime)
<==    Updates: 1
Closing non transactional SqlSession [org.apache.ibatis.session.defaults.DefaultSqlSession@30661521]
Creating a new SqlSession
SqlSession [org.apache.ibatis.session.defaults.DefaultSqlSession@7290985c] was not registered for synchronization because synchronization is not active
JDBC Connection [HikariProxyConnection@1237922005 wrapping conn43: url=jdbc:h2:mem:clinic_test user=SA] will not be managed by Spring
==>  Preparing: INSERT INTO doctor_schedule ( doctor_id, department_id, schedule_date, time_period, total_slots, booked_slots, extra_slots, status, create_time, update_time ) VALUES ( ?, ?, ?, ?, ?, ?, ?, ?, ?, ? )
==> Parameters: 34(Long), 29(Long), 2026-06-12(LocalDate), MORNING(String), 5(Integer), 0(Integer), 0(Integer), NORMAL(String), 2026-06-09T17:04:59.751549400(LocalDateTime), 2026-06-09T17:04:59.751549400(LocalDateTime)
<==    Updates: 1
Closing non transactional SqlSession [org.apache.ibatis.session.defaults.DefaultSqlSession@7290985c]
Creating a new SqlSession
SqlSession [org.apache.ibatis.session.defaults.DefaultSqlSession@4906fbd0] was not registered for synchronization because synchronization is not active
JDBC Connection [HikariProxyConnection@1617023365 wrapping conn43: url=jdbc:h2:mem:clinic_test user=SA] will not be managed by Spring
==>  Preparing: INSERT INTO schedule_slot ( schedule_id, doctor_id, department_id, slot_date, slot_time, slot_no, status, is_extra, version, create_time, update_time ) VALUES ( ?, ?, ?, ?, ?, ?, ?, ?, ?, ?, ? )
==> Parameters: 34(Long), 34(Long), 29(Long), 2026-06-12(LocalDate), 08:40(LocalTime), 1(Integer), AVAILABLE(String), 0(Integer), 0(Integer), 2026-06-09T17:04:59.752549200(LocalDateTime), 2026-06-09T17:04:59.752549200(LocalDateTime)
<==    Updates: 1
Closing non transactional SqlSession [org.apache.ibatis.session.defaults.DefaultSqlSession@4906fbd0]
Creating a new SqlSession
SqlSession [org.apache.ibatis.session.defaults.DefaultSqlSession@16c5e7ad] was not registered for synchronization because synchronization is not active
JDBC Connection [HikariProxyConnection@369766968 wrapping conn43: url=jdbc:h2:mem:clinic_test user=SA] will not be managed by Spring
==>  Preparing: INSERT INTO schedule_slot ( schedule_id, doctor_id, department_id, slot_date, slot_time, slot_no, status, is_extra, version, create_time, update_time ) VALUES ( ?, ?, ?, ?, ?, ?, ?, ?, ?, ?, ? )
==> Parameters: 34(Long), 34(Long), 29(Long), 2026-06-12(LocalDate), 08:50(LocalTime), 2(Integer), AVAILABLE(String), 0(Integer), 0(Integer), 2026-06-09T17:04:59.753543600(LocalDateTime), 2026-06-09T17:04:59.753543600(LocalDateTime)
<==    Updates: 1
Closing non transactional SqlSession [org.apache.ibatis.session.defaults.DefaultSqlSession@16c5e7ad]
Creating a new SqlSession
SqlSession [org.apache.ibatis.session.defaults.DefaultSqlSession@682c8352] was not registered for synchronization because synchronization is not active
JDBC Connection [HikariProxyConnection@103782955 wrapping conn43: url=jdbc:h2:mem:clinic_test user=SA] will not be managed by Spring
==>  Preparing: INSERT INTO schedule_slot ( schedule_id, doctor_id, department_id, slot_date, slot_time, slot_no, status, is_extra, version, create_time, update_time ) VALUES ( ?, ?, ?, ?, ?, ?, ?, ?, ?, ?, ? )
==> Parameters: 34(Long), 34(Long), 29(Long), 2026-06-12(LocalDate), 09:00(LocalTime), 3(Integer), AVAILABLE(String), 0(Integer), 0(Integer), 2026-06-09T17:04:59.754542200(LocalDateTime), 2026-06-09T17:04:59.754542200(LocalDateTime)
<==    Updates: 1
Closing non transactional SqlSession [org.apache.ibatis.session.defaults.DefaultSqlSession@682c8352]
Creating a new SqlSession
SqlSession [org.apache.ibatis.session.defaults.DefaultSqlSession@3feefdcc] was not registered for synchronization because synchronization is not active
JDBC Connection [HikariProxyConnection@2024965115 wrapping conn43: url=jdbc:h2:mem:clinic_test user=SA] will not be managed by Spring
==>  Preparing: INSERT INTO schedule_slot ( schedule_id, doctor_id, department_id, slot_date, slot_time, slot_no, status, is_extra, version, create_time, update_time ) VALUES ( ?, ?, ?, ?, ?, ?, ?, ?, ?, ?, ? )
==> Parameters: 34(Long), 34(Long), 29(Long), 2026-06-12(LocalDate), 09:10(LocalTime), 4(Integer), AVAILABLE(String), 0(Integer), 0(Integer), 2026-06-09T17:04:59.755539(LocalDateTime), 2026-06-09T17:04:59.755539(LocalDateTime)
<==    Updates: 1
Closing non transactional SqlSession [org.apache.ibatis.session.defaults.DefaultSqlSession@3feefdcc]
Creating a new SqlSession
SqlSession [org.apache.ibatis.session.defaults.DefaultSqlSession@7488a9ac] was not registered for synchronization because synchronization is not active
JDBC Connection [HikariProxyConnection@244095956 wrapping conn43: url=jdbc:h2:mem:clinic_test user=SA] will not be managed by Spring
==>  Preparing: INSERT INTO schedule_slot ( schedule_id, doctor_id, department_id, slot_date, slot_time, slot_no, status, is_extra, version, create_time, update_time ) VALUES ( ?, ?, ?, ?, ?, ?, ?, ?, ?, ?, ? )
==> Parameters: 34(Long), 34(Long), 29(Long), 2026-06-12(LocalDate), 09:20(LocalTime), 5(Integer), AVAILABLE(String), 0(Integer), 0(Integer), 2026-06-09T17:04:59.755539(LocalDateTime), 2026-06-09T17:04:59.755539(LocalDateTime)
<==    Updates: 1
Closing non transactional SqlSession [org.apache.ibatis.session.defaults.DefaultSqlSession@7488a9ac]
Creating a new SqlSession
SqlSession [org.apache.ibatis.session.defaults.DefaultSqlSession@46441754] was not registered for synchronization because synchronization is not active
JDBC Connection [HikariProxyConnection@705030460 wrapping conn43: url=jdbc:h2:mem:clinic_test user=SA] will not be managed by Spring
==>  Preparing: SELECT * FROM schedule_slot WHERE doctor_id = ? AND slot_date = ? AND status = 'AVAILABLE' ORDER BY slot_time
==> Parameters: 34(Long), 2026-06-12(LocalDate)
<==    Columns: id, schedule_id, doctor_id, department_id, slot_date, slot_time, slot_no, status, appointment_id, is_extra, version, create_time, update_time
<==        Row: 123, 34, 34, 29, 2026-06-12, 08:40:00, 1, AVAILABLE, null, 0, 0, 2026-06-09 17:04:59.752549, 2026-06-09 17:04:59.752549
<==        Row: 124, 34, 34, 29, 2026-06-12, 08:50:00, 2, AVAILABLE, null, 0, 0, 2026-06-09 17:04:59.753544, 2026-06-09 17:04:59.753544
<==        Row: 125, 34, 34, 29, 2026-06-12, 09:00:00, 3, AVAILABLE, null, 0, 0, 2026-06-09 17:04:59.754542, 2026-06-09 17:04:59.754542
<==        Row: 126, 34, 34, 29, 2026-06-12, 09:10:00, 4, AVAILABLE, null, 0, 0, 2026-06-09 17:04:59.755539, 2026-06-09 17:04:59.755539
<==        Row: 127, 34, 34, 29, 2026-06-12, 09:20:00, 5, AVAILABLE, null, 0, 0, 2026-06-09 17:04:59.755539, 2026-06-09 17:04:59.755539
<==      Total: 5
Closing non transactional SqlSession [org.apache.ibatis.session.defaults.DefaultSqlSession@46441754]
Creating a new SqlSession
Registering transaction synchronization for SqlSession [org.apache.ibatis.session.defaults.DefaultSqlSession@1bf1f019]
JDBC Connection [HikariProxyConnection@399625538 wrapping conn43: url=jdbc:h2:mem:clinic_test user=SA] will be managed by Spring
==>  Preparing: SELECT id,schedule_id,doctor_id,department_id,slot_date,slot_time,slot_no,status,appointment_id,is_extra,version,create_time,update_time FROM schedule_slot WHERE id=?
==> Parameters: 123(Long)
<==    Columns: id, schedule_id, doctor_id, department_id, slot_date, slot_time, slot_no, status, appointment_id, is_extra, version, create_time, update_time
<==        Row: 123, 34, 34, 29, 2026-06-12, 08:40:00, 1, AVAILABLE, null, 0, 0, 2026-06-09 17:04:59.752549, 2026-06-09 17:04:59.752549
<==      Total: 1
Releasing transactional SqlSession [org.apache.ibatis.session.defaults.DefaultSqlSession@1bf1f019]
Fetched SqlSession [org.apache.ibatis.session.defaults.DefaultSqlSession@1bf1f019] from current transaction
Releasing transactional SqlSession [org.apache.ibatis.session.defaults.DefaultSqlSession@1bf1f019]
Fetched SqlSession [org.apache.ibatis.session.defaults.DefaultSqlSession@1bf1f019] from current transaction
==>  Preparing: INSERT INTO appointment ( appointment_no, patient_id, patient_name, doctor_id, department_id, slot_id, slot_date, slot_time, status, source, booking_type, create_time, update_time ) VALUES ( ?, ?, ?, ?, ?, ?, ?, ?, ?, ?, ?, ?, ? )
==> Parameters: APT20260609170459C911A6(String), 9001(Long), 患者9001(String), 34(Long), 29(Long), 123(Long), 2026-06-12(LocalDate), 08:40(LocalTime), CONFIRMED(String), ONLINE(String), SINGLE(String), 2026-06-09T17:04:59.757532400(LocalDateTime), 2026-06-09T17:04:59.757532400(LocalDateTime)
<==    Updates: 1
Releasing transactional SqlSession [org.apache.ibatis.session.defaults.DefaultSqlSession@1bf1f019]
Fetched SqlSession [org.apache.ibatis.session.defaults.DefaultSqlSession@1bf1f019] from current transaction
==>  Preparing: UPDATE schedule_slot SET status = 'BOOKED', appointment_id = ?, version = version + 1, update_time = NOW() WHERE id = ? AND status = 'AVAILABLE' AND version = ?
==> Parameters: 95(Long), 123(Long), 0(Integer)
<==    Updates: 1
Releasing transactional SqlSession [org.apache.ibatis.session.defaults.DefaultSqlSession@1bf1f019]
Fetched SqlSession [org.apache.ibatis.session.defaults.DefaultSqlSession@1bf1f019] from current transaction
==>  Preparing: SELECT id,doctor_id,department_id,schedule_date,time_period,total_slots,booked_slots,extra_slots,status,create_time,update_time FROM doctor_schedule WHERE id=?
==> Parameters: 34(Long)
<==    Columns: id, doctor_id, department_id, schedule_date, time_period, total_slots, booked_slots, extra_slots, status, create_time, update_time
<==        Row: 34, 34, 29, 2026-06-12, MORNING, 5, 0, 0, NORMAL, 2026-06-09 17:04:59.751549, 2026-06-09 17:04:59.751549
<==      Total: 1
Releasing transactional SqlSession [org.apache.ibatis.session.defaults.DefaultSqlSession@1bf1f019]
Fetched SqlSession [org.apache.ibatis.session.defaults.DefaultSqlSession@1bf1f019] from current transaction
==>  Preparing: UPDATE doctor_schedule SET doctor_id=?, department_id=?, schedule_date=?, time_period=?, total_slots=?, booked_slots=?, extra_slots=?, status=?, create_time=?, update_time=? WHERE id=?
==> Parameters: 34(Long), 29(Long), 2026-06-12(LocalDate), MORNING(String), 5(Integer), 1(Integer), 0(Integer), NORMAL(String), 2026-06-09T17:04:59.751549(LocalDateTime), 2026-06-09T17:04:59.751549(LocalDateTime), 34(Long)
<==    Updates: 1
Releasing transactional SqlSession [org.apache.ibatis.session.defaults.DefaultSqlSession@1bf1f019]
Creating a new SqlSession
SqlSession [org.apache.ibatis.session.defaults.DefaultSqlSession@3a2eec65] was not registered for synchronization because synchronization is not active
2026-06-09T17:04:59.759+08:00  INFO 30284 --- [           main] c.c.a.s.impl.AppointmentServiceImpl      : 预约成功: no=APT20260609170459C911A6, patient=9001, doctor=34, date=2026-06-12, time=08:40, type=SINGLE
Transaction synchronization committing SqlSession [org.apache.ibatis.session.defaults.DefaultSqlSession@1bf1f019]
Transaction synchronization deregistering SqlSession [org.apache.ibatis.session.defaults.DefaultSqlSession@1bf1f019]
JDBC Connection [HikariProxyConnection@1345278627 wrapping conn42: url=jdbc:h2:mem:clinic_test user=SA] will not be managed by Spring
Transaction synchronization closing SqlSession [org.apache.ibatis.session.defaults.DefaultSqlSession@1bf1f019]
==>  Preparing: INSERT INTO audit_log ( operation, entity_type, entity_id, operator_name, detail, ip, create_time ) VALUES ( ?, ?, ?, ?, ?, ?, ? )
==> Parameters: BOOK(String), APPOINTMENT(String), 95(Long), (String), {"patientId":9001,"slotId":123,"date":"2026-06-12","time":"08:40","bookingType":"SINGLE","examType":"null"}(String), (String), 2026-06-09T17:04:59.759528100(LocalDateTime)
<==    Updates: 1
Creating a new SqlSession
Closing non transactional SqlSession [org.apache.ibatis.session.defaults.DefaultSqlSession@3a2eec65]
Registering transaction synchronization for SqlSession [org.apache.ibatis.session.defaults.DefaultSqlSession@12188a8d]
JDBC Connection [HikariProxyConnection@995956322 wrapping conn43: url=jdbc:h2:mem:clinic_test user=SA] will be managed by Spring
==>  Preparing: SELECT id,name,employee_no,department_id,title,status,create_time,update_time FROM doctor WHERE id=?
==> Parameters: 34(Long)
<==    Columns: id, name, employee_no, department_id, title, status, create_time, update_time
<==        Row: 34, 赵医生, D099, 29, , 1, 2026-06-09 17:04:59.751549, 2026-06-09 17:04:59.751549
<==      Total: 1
Releasing transactional SqlSession [org.apache.ibatis.session.defaults.DefaultSqlSession@12188a8d]
Fetched SqlSession [org.apache.ibatis.session.defaults.DefaultSqlSession@12188a8d] from current transaction
==>  Preparing: INSERT INTO doctor_suspension ( doctor_id, start_date, end_date, reason, migrate_type, status, create_time, update_time ) VALUES ( ?, ?, ?, ?, ?, ?, ?, ? )
==> Parameters: 34(Long), 2026-06-12(LocalDate), 2026-06-12(LocalDate), 外出(String), MIGRATE(String), PROCESSING(String), 2026-06-09T17:04:59.760524200(LocalDateTime), 2026-06-09T17:04:59.760524200(LocalDateTime)
<==    Updates: 1
Releasing transactional SqlSession [org.apache.ibatis.session.defaults.DefaultSqlSession@12188a8d]
Fetched SqlSession [org.apache.ibatis.session.defaults.DefaultSqlSession@12188a8d] from current transaction
==>  Preparing: UPDATE schedule_slot SET status = 'SUSPENDED', update_time = NOW(), version = version + 1 WHERE doctor_id = ? AND slot_date BETWEEN ? AND ? AND status IN ('AVAILABLE','BOOKED')
==> Parameters: 34(Long), 2026-06-12(LocalDate), 2026-06-12(LocalDate)
<==    Updates: 5
Releasing transactional SqlSession [org.apache.ibatis.session.defaults.DefaultSqlSession@12188a8d]
2026-06-09T17:04:59.761+08:00  INFO 30284 --- [           main] c.c.a.s.i.DoctorSuspensionServiceImpl    : 停诊-号源批量SUSPENDED: doctor=34, range=2026-06-12~2026-06-12, count=5
Fetched SqlSession [org.apache.ibatis.session.defaults.DefaultSqlSession@12188a8d] from current transaction
==>  Preparing: SELECT * FROM appointment WHERE doctor_id = ? AND slot_date >= ? AND status IN ('PENDING','CONFIRMED')
==> Parameters: 34(Long), 2026-06-12(LocalDate)
<==    Columns: id, appointment_no, patient_id, patient_name, doctor_id, department_id, slot_id, slot_date, slot_time, status, source, booking_type, exam_type_code, original_id, cancel_reason, create_time, update_time
<==        Row: 95, APT20260609170459C911A6, 9001, 患者9001, 34, 29, 123, 2026-06-12, 08:40:00, CONFIRMED, ONLINE, SINGLE, null, null, , 2026-06-09 17:04:59.757532, 2026-06-09 17:04:59.757532
<==      Total: 1
Releasing transactional SqlSession [org.apache.ibatis.session.defaults.DefaultSqlSession@12188a8d]
2026-06-09T17:04:59.761+08:00  INFO 30284 --- [           main] c.c.a.s.i.DoctorSuspensionServiceImpl    : 停诊处理: doctor=34, range=2026-06-12~2026-06-12, affected=1
Fetched SqlSession [org.apache.ibatis.session.defaults.DefaultSqlSession@12188a8d] from current transaction
==>  Preparing: SELECT * FROM doctor WHERE department_id = ? AND status = 1
==> Parameters: 29(Long)
<==    Columns: id, name, employee_no, department_id, title, status, create_time, update_time
<==        Row: 34, 赵医生, D099, 29, , 1, 2026-06-09 17:04:59.751549, 2026-06-09 17:04:59.751549
<==      Total: 1
Releasing transactional SqlSession [org.apache.ibatis.session.defaults.DefaultSqlSession@12188a8d]
2026-06-09T17:04:59.762+08:00  WARN 30284 --- [           main] c.c.a.s.i.DoctorSuspensionServiceImpl    : 无可迁移医生，降级为取消: doctor=34
Fetched SqlSession [org.apache.ibatis.session.defaults.DefaultSqlSession@12188a8d] from current transaction
==>  Preparing: UPDATE appointment SET appointment_no=?, patient_id=?, patient_name=?, doctor_id=?, department_id=?, slot_id=?, slot_date=?, slot_time=?, status=?, source=?, booking_type=?, cancel_reason=?, create_time=?, update_time=? WHERE id=?
==> Parameters: APT20260609170459C911A6(String), 9001(Long), 患者9001(String), 34(Long), 29(Long), 123(Long), 2026-06-12(LocalDate), 08:40(LocalTime), CANCELLED(String), ONLINE(String), SINGLE(String), 医生停诊(无可迁移医生): 外出(String), 2026-06-09T17:04:59.757532(LocalDateTime), 2026-06-09T17:04:59.757532(LocalDateTime), 95(Long)
<==    Updates: 1
Releasing transactional SqlSession [org.apache.ibatis.session.defaults.DefaultSqlSession@12188a8d]
Fetched SqlSession [org.apache.ibatis.session.defaults.DefaultSqlSession@12188a8d] from current transaction
==>  Preparing: UPDATE doctor_schedule SET status = ?, update_time = NOW() WHERE doctor_id = ? AND schedule_date >= ? AND status = 'NORMAL'
==> Parameters: SUSPENDED(String), 34(Long), 2026-06-12(LocalDate)
<==    Updates: 1
Releasing transactional SqlSession [org.apache.ibatis.session.defaults.DefaultSqlSession@12188a8d]
Fetched SqlSession [org.apache.ibatis.session.defaults.DefaultSqlSession@12188a8d] from current transaction
==>  Preparing: UPDATE doctor_suspension SET doctor_id=?, start_date=?, end_date=?, reason=?, migrate_type=?, status=?, create_time=?, update_time=? WHERE id=?
==> Parameters: 34(Long), 2026-06-12(LocalDate), 2026-06-12(LocalDate), 外出(String), MIGRATE(String), COMPLETED(String), 2026-06-09T17:04:59.760524200(LocalDateTime), 2026-06-09T17:04:59.760524200(LocalDateTime), 7(Long)
<==    Updates: 1
Releasing transactional SqlSession [org.apache.ibatis.session.defaults.DefaultSqlSession@12188a8d]
Creating a new SqlSession
SqlSession [org.apache.ibatis.session.defaults.DefaultSqlSession@39f6b511] was not registered for synchronization because synchronization is not active
2026-06-09T17:04:59.764+08:00  INFO 30284 --- [           main] c.c.a.s.i.DoctorSuspensionServiceImpl    : 停诊处理完成: {suspensionId=7, doctorId=34, doctorName=赵医生, range=2026-06-12 ~ 2026-06-12, migrateType=MIGRATE, cancelledCount=1, migratedCount=0, failedCount=0, details=[无可迁移医生，降级取消1个预约]}
JDBC Connection [HikariProxyConnection@1780818696 wrapping conn42: url=jdbc:h2:mem:clinic_test user=SA] will not be managed by Spring
Transaction synchronization committing SqlSession [org.apache.ibatis.session.defaults.DefaultSqlSession@12188a8d]
==>  Preparing: INSERT INTO audit_log ( operation, entity_type, entity_id, operator_name, detail, ip, create_time ) VALUES ( ?, ?, ?, ?, ?, ?, ? )
Transaction synchronization deregistering SqlSession [org.apache.ibatis.session.defaults.DefaultSqlSession@12188a8d]
Transaction synchronization closing SqlSession [org.apache.ibatis.session.defaults.DefaultSqlSession@12188a8d]
==> Parameters: DOCTOR_SUSPENSION(String), SUSPENSION(String), 7(Long), (String), {"doctorId":34,"type":"MIGRATE","cancelled":1,"migrated":0}(String), (String), 2026-06-09T17:04:59.764512900(LocalDateTime)
<==    Updates: 1
2026-06-09T17:04:59.764+08:00  INFO 30284 --- [           main] c.c.appointment.SuspensionMigrationTest  : 停诊降级结果: {suspensionId=7, doctorId=34, doctorName=赵医生, range=2026-06-12 ~ 2026-06-12, migrateType=MIGRATE, cancelledCount=1, migratedCount=0, failedCount=0, details=[无可迁移医生，降级取消1个预约]}
Closing non transactional SqlSession [org.apache.ibatis.session.defaults.DefaultSqlSession@39f6b511]
]]></system-out>
  </testcase>
</testsuite>